[Licensing::Module] Trying to connect to existing licensing client channel...
Built from '6000.3/staging' branch; Version is '6000.3.3f1 (ef04196de0d6) revision 15664153'; Using compiler version '194234433'; Build Type 'Release'
[Licensing::IpcConnector] Successfully connected to: "LicenseClient-ASUS" at "2026-01-11T07:49:10.9482356Z"
OS: 'Windows 11  (10.0.26200) 64bit CoreSingleLanguage' Language: 'en' Physical Memory: 16004 MB
BatchMode: 1, IsHumanControllingUs: 0, StartBugReporterOnCrash: 0, Is64bit: 1
Date: 2026-01-11T07:49:10Z

COMMAND LINE ARGUMENTS:
D:\unity\6000.3.3f1\Editor\Unity.exe
-adb2
-batchMode
-noUpm
-name
AssetImportWorker8
-projectPath
D:/Project Unity/Game
-logFile
Logs/AssetImportWorker8.log
-srvPort
49711
-job-worker-count
9
-background-job-worker-count
8
-gc-helper-count
1
-name
AssetImport
Successfully changed project path to: D:/Project Unity/Game
D:/Project Unity/Game
[UnityMemory] Configuration Parameters - Can be set up in boot.config
    "memorysetup-temp-allocator-size-nav-mesh-worker=65536"
    "memorysetup-temp-allocator-size-audio-worker=65536"
    "memorysetup-temp-allocator-size-gfx=262144"
    "memorysetup-allocator-temp-initial-block-size-main=262144"
    "memorysetup-allocator-temp-initial-block-size-worker=262144"
    "memorysetup-temp-allocator-size-background-worker=32768"
    "memorysetup-temp-allocator-size-job-worker=262144"
    "memorysetup-temp-allocator-size-preload-manager=33554432"
    "memorysetup-temp-allocator-size-gi-baking-worker=262144"
    "memorysetup-temp-allocator-size-gi-baking-worker=262144"
    "memorysetup-temp-allocator-size-gi-baking-worker=262144"
    "memorysetup-temp-allocator-size-gi-baking-worker=262144"
    "memorysetup-temp-allocator-size-gi-baking-worker=262144"
    "memorysetup-bucket-allocator-granularity=16"
    "memorysetup-bucket-allocator-bucket-count=8"
    "memorysetup-bucket-allocator-block-size=33554432"
    "memorysetup-bucket-allocator-block-count=8"
    "memorysetup-main-allocator-block-size=16777216"
    "memorysetup-thread-allocator-block-size=16777216"
    "memorysetup-gfx-main-allocator-block-size=16777216"
    "memorysetup-gfx-thread-allocator-block-size=16777216"
    "memorysetup-cache-allocator-block-size=4194304"
    "memorysetup-typetree-allocator-block-size=2097152"
    "memorysetup-profiler-bucket-allocator-granularity=16"
    "memorysetup-profiler-bucket-allocator-bucket-count=8"
    "memorysetup-profiler-bucket-allocator-block-size=33554432"
    "memorysetup-profiler-bucket-allocator-block-count=8"
    "memorysetup-profiler-allocator-block-size=16777216"
    "memorysetup-profiler-editor-allocator-block-size=1048576"
    "memorysetup-temp-allocator-size-main=16777216"
    "memorysetup-job-temp-allocator-block-size=2097152"
    "memorysetup-job-temp-allocator-block-size-background=1048576"
    "memorysetup-job-temp-allocator-reduction-small-platforms=262144"
    "memorysetup-temp-allocator-size-cloud-worker=32768"
Player connection [28828]  Target information:

Player connection [28828]  * "[IP] 192.168.1.11 [Port] 0 [Flags] 2 [Guid] 833129562 [EditorId] 833129562 [Version] 1048832 [Id] WindowsEditor(7,LAPTOP-64GQFQ75) [Debug] 1 [PackageName] WindowsEditor [ProjectName] Editor" 

Player connection [28828] Host joined multi-casting on [225.0.0.222:54997]...
Player connection [28828] Host joined alternative multi-casting on [225.0.0.222:34997]...
JobSystem: Creating JobQueue using job-worker-count value 9
Input System module state changed to: Initialized.
[Physics::Module] Initialized fallback backend.
[Physics::Module] Id: 0xdecafbad
Library Redirect Path: Library/
[Physics::Module] Selected backend.
[Physics::Module] Name: PhysX
[Physics::Module] Id: 0xf2b8ea05
[Physics::Module] SDK Version: 4.1.2
[Physics::Module] Integration Version: 1.0.0
[Physics::Module] Threading Mode: Multi-Threaded
Refreshing native plugins compatible for Editor in 2.29 ms, found 4 plugins.
Preloading 0 native plugins for Editor in 0.00 ms.
Initialize engine version: 6000.3.3f1 (ef04196de0d6)
[Subsystems] Discovering subsystems at path D:/unity/6000.3.3f1/Editor/Data/Resources/UnitySubsystems
[Subsystems] Discovering subsystems at path D:/Project Unity/Game/Assets
GfxDevice: creating device client; kGfxThreadingModeNonThreaded
Direct3D:
    Version:  Direct3D 11.0 [level 11.1]
    Renderer: NVIDIA GeForce RTX 3050 Ti Laptop GPU (ID=0x25a0)
    Vendor:   NVIDIA
    VRAM:     3962 MB
    Driver:   32.0.15.9174
Initialize mono
Mono path[0] = 'D:/unity/6000.3.3f1/Editor/Data/Managed'
Mono path[1] = 'D:/unity/6000.3.3f1/Editor/Data/MonoBleedingEdge/lib/mono/unityjit-win32'
Mono config path = 'D:/unity/6000.3.3f1/Editor/Data/MonoBleedingEdge/etc'
Using monoOptions --debugger-agent=transport=dt_socket,embedding=1,server=y,suspend=n,address=127.0.0.1:56612
Begin MonoManager ReloadAssembly
Registering precompiled unity dll's ...
Register platform support module: D:/unity/6000.3.3f1/Editor/Data/PlaybackEngines/WindowsStandaloneSupport/UnityEditor.WindowsStandalone.Extensions.dll
Registered in 0.001411 seconds.
- Loaded All Assemblies, in  0.484 seconds
Native extension for WindowsStandalone target not found
Mono: successfully reloaded assembly
- Finished resetting the current domain, in  0.520 seconds
Domain Reload Profiling: 1003ms
	BeginReloadAssembly (161ms)
		ExecutionOrderSort (0ms)
		DisableScriptedObjects (0ms)
		BackupInstance (0ms)
		ReleaseScriptingObjects (0ms)
		CreateAndSetChildDomain (1ms)
	RebuildCommonClasses (59ms)
	RebuildNativeTypeToScriptingClass (18ms)
	initialDomainReloadingComplete (50ms)
	LoadAllAssembliesAndSetupDomain (195ms)
		LoadAssemblies (161ms)
		RebuildTransferFunctionScriptingTraits (0ms)
		AnalyzeDomain (191ms)
			TypeCache.Refresh (189ms)
				TypeCache.ScanAssembly (171ms)
			BuildScriptInfoCaches (0ms)
			ResolveRequiredComponents (1ms)
	FinalizeReload (520ms)
		ReleaseScriptCaches (0ms)
		RebuildScriptCaches (0ms)
		SetupLoadedEditorAssemblies (463ms)
			LogAssemblyErrors (0ms)
			InitializePlatformSupportModulesInManaged (61ms)
			SetLoadedEditorAssemblies (5ms)
			BeforeProcessingInitializeOnLoad (118ms)
			ProcessInitializeOnLoadAttributes (192ms)
			ProcessInitializeOnLoadMethodAttributes (87ms)
			AfterProcessingInitializeOnLoad (0ms)
			EditorAssembliesLoaded (0ms)
		ExecutionOrderSort2 (0ms)
		AwakeInstancesAfterBackupRestoration (0ms)
========================================================================
Worker process is ready to serve import requests
Import Worker Mode flag is 0x00
Begin MonoManager ReloadAssembly
[Licensing::Module] Licensing is not yet initialized.
[Licensing::Client] Handshaking with LicensingClient:
  Version:                 1.17.4+4293ba1
  Session Id:              b562397093b6464a9807c63955928867
  Correlation Id:          88143ab83e2706aae609302327f9e83e
  External correlation Id: 3454155104932234469
  Machine Id:              iMQSiPYprrO9eplPdT6p1oMa1oo=
[Licensing::Module] Successfully connected to LicensingClient on channel: "LicenseClient-ASUS" (connect: 0.00s, validation: 0.00s, handshake: 2.45s)
[Licensing::IpcConnector] Successfully connected to: "LicenseClient-ASUS-notifications" at "2026-01-11T07:49:13.4023678Z"
[Licensing::Module] Licensing Background thread has ended after 2.45s
[Licensing::Module] Licensing is initialized (took 0.36s).
[Licensing::Client] Successfully resolved entitlement details
[Licensing::Module] License group:
  Id: F4-EKNF-HAYT-J4NC-GUS3-XXXX
  Product: Unity Personal
  Type: ULF
  Expiration: 2026-02-17T08:27:29Z
[Licensing::Module] License group:
  Id: 18968363472433-UnityPersXXXX
  Product: Unity Personal
  Type: Assigned
  Expiration: Unlimited
- Loaded All Assemblies, in  1.133 seconds
Refreshing native plugins compatible for Editor in 1.94 ms, found 4 plugins.
Native extension for WindowsStandalone target not found
Package Manager log level set to [2]
[Package Manager] Failed to launch server process. Reason: Unity was launched with the -noUpm command-line argument
[Package Manager] Unable to send message (not connected to server process).
[Package Manager] Cannot connect to Unity Package Manager local server
Mono: successfully reloaded assembly
- Finished resetting the current domain, in  0.839 seconds
Domain Reload Profiling: 1972ms
	BeginReloadAssembly (530ms)
		ExecutionOrderSort (0ms)
		DisableScriptedObjects (5ms)
		BackupInstance (0ms)
		ReleaseScriptingObjects (0ms)
		CreateAndSetChildDomain (32ms)
	RebuildCommonClasses (33ms)
	RebuildNativeTypeToScriptingClass (12ms)
	initialDomainReloadingComplete (35ms)
	LoadAllAssembliesAndSetupDomain (522ms)
		LoadAssemblies (324ms)
		RebuildTransferFunctionScriptingTraits (0ms)
		AnalyzeDomain (287ms)
			TypeCache.Refresh (216ms)
				TypeCache.ScanAssembly (196ms)
			BuildScriptInfoCaches (52ms)
			ResolveRequiredComponents (14ms)
	FinalizeReload (839ms)
		ReleaseScriptCaches (0ms)
		RebuildScriptCaches (0ms)
		SetupLoadedEditorAssemblies (681ms)
			LogAssemblyErrors (0ms)
			InitializePlatformSupportModulesInManaged (2ms)
			SetLoadedEditorAssemblies (4ms)
			BeforeProcessingInitializeOnLoad (143ms)
			ProcessInitializeOnLoadAttributes (373ms)
			ProcessInitializeOnLoadMethodAttributes (158ms)
			AfterProcessingInitializeOnLoad (1ms)
			EditorAssembliesLoaded (0ms)
		ExecutionOrderSort2 (0ms)
		AwakeInstancesAfterBackupRestoration (8ms)
Launched and connected shader compiler UnityShaderCompiler.exe after 0.02 seconds
Refreshing native plugins compatible for Editor in 1.09 ms, found 4 plugins.
Preloading 0 native plugins for Editor in 0.00 ms.
Unloading 16 Unused Serialized files (Serialized files now loaded: 0)
Unloading 6882 unused Assets / (4.7 MB). Loaded Objects now: 7698.
Memory consumption went from 150.9 MB to 146.2 MB.
Total: 13.744400 ms (FindLiveObjects: 1.247400 ms CreateObjectMapping: 0.841400 ms MarkObjects: 8.890400 ms  DeleteObjects: 2.764100 ms)

========================================================================
Received Prepare
Begin MonoManager ReloadAssembly
[Licensing::Client] Successfully resolved entitlement details
[Licensing::Module] License group:
  Id: F4-EKNF-HAYT-J4NC-GUS3-XXXX
  Product: Unity Personal
  Type: ULF
  Expiration: 2026-02-17T08:27:29Z
[Licensing::Module] License group:
  Id: 18968363472433-UnityPersXXXX
  Product: Unity Personal
  Type: Assigned
  Expiration: Unlimited
- Loaded All Assemblies, in  0.575 seconds
Refreshing native plugins compatible for Editor in 0.72 ms, found 4 plugins.
Native extension for WindowsStandalone target not found
[Package Manager] Failed to launch server process. Reason: Unity was launched with the -noUpm command-line argument
[Package Manager] Unable to send message (not connected to server process).
[Package Manager] Cannot connect to Unity Package Manager local server
Mono: successfully reloaded assembly
- Finished resetting the current domain, in  0.605 seconds
Domain Reload Profiling: 1182ms
	BeginReloadAssembly (185ms)
		ExecutionOrderSort (0ms)
		DisableScriptedObjects (11ms)
		BackupInstance (0ms)
		ReleaseScriptingObjects (0ms)
		CreateAndSetChildDomain (47ms)
	RebuildCommonClasses (29ms)
	RebuildNativeTypeToScriptingClass (11ms)
	initialDomainReloadingComplete (19ms)
	LoadAllAssembliesAndSetupDomain (334ms)
		LoadAssemblies (255ms)
		RebuildTransferFunctionScriptingTraits (0ms)
		AnalyzeDomain (155ms)
			TypeCache.Refresh (7ms)
				TypeCache.ScanAssembly (0ms)
			BuildScriptInfoCaches (135ms)
			ResolveRequiredComponents (8ms)
	FinalizeReload (605ms)
		ReleaseScriptCaches (0ms)
		RebuildScriptCaches (0ms)
		SetupLoadedEditorAssemblies (480ms)
			LogAssemblyErrors (0ms)
			InitializePlatformSupportModulesInManaged (2ms)
			SetLoadedEditorAssemblies (6ms)
			BeforeProcessingInitializeOnLoad (118ms)
			ProcessInitializeOnLoadAttributes (281ms)
			ProcessInitializeOnLoadMethodAttributes (71ms)
			AfterProcessingInitializeOnLoad (1ms)
			EditorAssembliesLoaded (0ms)
		ExecutionOrderSort2 (0ms)
		AwakeInstancesAfterBackupRestoration (12ms)
Refreshing native plugins compatible for Editor in 1.66 ms, found 4 plugins.
Preloading 0 native plugins for Editor in 0.00 ms.
Unloading 16 Unused Serialized files (Serialized files now loaded: 0)
Unloading 6880 unused Assets / (4.5 MB). Loaded Objects now: 7702.
Memory consumption went from 157.5 MB to 153.1 MB.
Total: 7.613000 ms (FindLiveObjects: 0.586300 ms CreateObjectMapping: 0.483400 ms MarkObjects: 4.533900 ms  DeleteObjects: 2.008300 ms)

Prepare: number of updated asset objects reloaded= 0
========================================================================
Received Prepare
Begin MonoManager ReloadAssembly
- Loaded All Assemblies, in  0.565 seconds
Refreshing native plugins compatible for Editor in 0.77 ms, found 4 plugins.
Native extension for WindowsStandalone target not found
[Package Manager] Failed to launch server process. Reason: Unity was launched with the -noUpm command-line argument
[Package Manager] Unable to send message (not connected to server process).
[Package Manager] Cannot connect to Unity Package Manager local server
Mono: successfully reloaded assembly
- Finished resetting the current domain, in  0.638 seconds
Domain Reload Profiling: 1206ms
	BeginReloadAssembly (177ms)
		ExecutionOrderSort (0ms)
		DisableScriptedObjects (12ms)
		BackupInstance (0ms)
		ReleaseScriptingObjects (0ms)
		CreateAndSetChildDomain (44ms)
	RebuildCommonClasses (29ms)
	RebuildNativeTypeToScriptingClass (11ms)
	initialDomainReloadingComplete (19ms)
	LoadAllAssembliesAndSetupDomain (332ms)
		LoadAssemblies (251ms)
		RebuildTransferFunctionScriptingTraits (0ms)
		AnalyzeDomain (156ms)
			TypeCache.Refresh (6ms)
				TypeCache.ScanAssembly (0ms)
			BuildScriptInfoCaches (136ms)
			ResolveRequiredComponents (8ms)
	FinalizeReload (638ms)
		ReleaseScriptCaches (0ms)
		RebuildScriptCaches (0ms)
		SetupLoadedEditorAssemblies (509ms)
			LogAssemblyErrors (0ms)
			InitializePlatformSupportModulesInManaged (2ms)
			SetLoadedEditorAssemblies (6ms)
			BeforeProcessingInitializeOnLoad (116ms)
			ProcessInitializeOnLoadAttributes (314ms)
			ProcessInitializeOnLoadMethodAttributes (69ms)
			AfterProcessingInitializeOnLoad (1ms)
			EditorAssembliesLoaded (0ms)
		ExecutionOrderSort2 (0ms)
		AwakeInstancesAfterBackupRestoration (13ms)
Refreshing native plugins compatible for Editor in 1.60 ms, found 4 plugins.
Preloading 0 native plugins for Editor in 0.00 ms.
Unloading 16 Unused Serialized files (Serialized files now loaded: 0)
Unloading 6880 unused Assets / (4.1 MB). Loaded Objects now: 7705.
Memory consumption went from 157.6 MB to 153.4 MB.
Total: 7.597100 ms (FindLiveObjects: 0.528600 ms CreateObjectMapping: 0.564300 ms MarkObjects: 4.682200 ms  DeleteObjects: 1.820900 ms)

Prepare: number of updated asset objects reloaded= 0
========================================================================
Received Prepare
Begin MonoManager ReloadAssembly
[Licensing::Client] Successfully resolved entitlement details
[Licensing::Module] License group:
  Id: F4-EKNF-HAYT-J4NC-GUS3-XXXX
  Product: Unity Personal
  Type: ULF
  Expiration: 2026-02-17T08:27:29Z
[Licensing::Module] License group:
  Id: 18968363472433-UnityPersXXXX
  Product: Unity Personal
  Type: Assigned
  Expiration: Unlimited
- Loaded All Assemblies, in  0.671 seconds
Refreshing native plugins compatible for Editor in 0.99 ms, found 4 plugins.
Native extension for WindowsStandalone target not found
[Package Manager] Failed to launch server process. Reason: Unity was launched with the -noUpm command-line argument
[Package Manager] Unable to send message (not connected to server process).
[Package Manager] Cannot connect to Unity Package Manager local server
Mono: successfully reloaded assembly
- Finished resetting the current domain, in  0.664 seconds
Domain Reload Profiling: 1338ms
	BeginReloadAssembly (196ms)
		ExecutionOrderSort (0ms)
		DisableScriptedObjects (12ms)
		BackupInstance (0ms)
		ReleaseScriptingObjects (0ms)
		CreateAndSetChildDomain (53ms)
	RebuildCommonClasses (34ms)
	RebuildNativeTypeToScriptingClass (12ms)
	initialDomainReloadingComplete (26ms)
	LoadAllAssembliesAndSetupDomain (406ms)
		LoadAssemblies (307ms)
		RebuildTransferFunctionScriptingTraits (0ms)
		AnalyzeDomain (178ms)
			TypeCache.Refresh (7ms)
				TypeCache.ScanAssembly (0ms)
			BuildScriptInfoCaches (157ms)
			ResolveRequiredComponents (9ms)
	FinalizeReload (665ms)
		ReleaseScriptCaches (0ms)
		RebuildScriptCaches (0ms)
		SetupLoadedEditorAssemblies (526ms)
			LogAssemblyErrors (0ms)
			InitializePlatformSupportModulesInManaged (2ms)
			SetLoadedEditorAssemblies (5ms)
			BeforeProcessingInitializeOnLoad (131ms)
			ProcessInitializeOnLoadAttributes (318ms)
			ProcessInitializeOnLoadMethodAttributes (68ms)
			AfterProcessingInitializeOnLoad (1ms)
			EditorAssembliesLoaded (0ms)
		ExecutionOrderSort2 (0ms)
		AwakeInstancesAfterBackupRestoration (12ms)
Refreshing native plugins compatible for Editor in 0.92 ms, found 4 plugins.
Preloading 0 native plugins for Editor in 0.00 ms.
Unloading 16 Unused Serialized files (Serialized files now loaded: 0)
Unloading 6880 unused Assets / (4.2 MB). Loaded Objects now: 7708.
Memory consumption went from 157.6 MB to 153.4 MB.
Total: 7.649400 ms (FindLiveObjects: 0.583200 ms CreateObjectMapping: 0.531700 ms MarkObjects: 4.627800 ms  DeleteObjects: 1.905900 ms)

Prepare: number of updated asset objects reloaded= 0
========================================================================
Received Import Request.
  Time since last request: 174429.171283 seconds.
  path: Assets/Scripts
  artifactKey: Guid(7cfdf159c35df3e4a88dda162bf208ac) Importer(815301076,1909f56bfc062723c751e8b465ee728b)
Start importing Assets/Scripts using Guid(7cfdf159c35df3e4a88dda162bf208ac) Importer(815301076,1909f56bfc062723c751e8b465ee728b) (PreviewImporter) -> (artifact id: '67b0bfd3f50c45a0b1c28fd4c4aff4df') in 0.0252771 seconds
Number of updated asset objects reloaded before import = 0Number of asset objects unloaded after import = 0

========================================================================
Received Import Request.
  Time since last request: 0.852556 seconds.
  path: Assets/Scripts
  artifactKey: Guid(7cfdf159c35df3e4a88dda162bf208ac) Importer(2089858483,b0f066a214c2f5e87bad3c948f4d605d)
Start importing Assets/Scripts using Guid(7cfdf159c35df3e4a88dda162bf208ac) Importer(2089858483,b0f066a214c2f5e87bad3c948f4d605d) (ScriptedImporter) -> (artifact id: '4aa633bd43e39192c95b25a5555a41d9') in 0.0414404 seconds
Number of updated asset objects reloaded before import = 0Number of asset objects unloaded after import = 1

========================================================================
Received Prepare
Refreshing native plugins compatible for Editor in 1.19 ms, found 4 plugins.
Preloading 0 native plugins for Editor in 0.00 ms.
Unloading 16 Unused Serialized files (Serialized files now loaded: 0)
Unloading 6871 unused Assets / (4.6 MB). Loaded Objects now: 7711.
Memory consumption went from 158.6 MB to 154.0 MB.
Total: 9.515500 ms (FindLiveObjects: 0.799800 ms CreateObjectMapping: 0.359200 ms MarkObjects: 5.778500 ms  DeleteObjects: 2.576700 ms)

Prepare: number of updated asset objects reloaded= 0
========================================================================
Received Import Request.
  Time since last request: 29.837613 seconds.
  path: Assets/Scripts/NewMonoBehaviourScript.cs
  artifactKey: Guid(94da901bc7c33e04b822bbcdde5de069) Importer(2089858483,b0f066a214c2f5e87bad3c948f4d605d)
Start importing Assets/Scripts/NewMonoBehaviourScript.cs using Guid(94da901bc7c33e04b822bbcdde5de069) Importer(2089858483,b0f066a214c2f5e87bad3c948f4d605d) (ScriptedImporter) -> (artifact id: 'f37220c08a2b41156926ea8d458a34f0') in 0.0546299 seconds
Number of updated asset objects reloaded before import = 0Number of asset objects unloaded after import = 0

========================================================================
Received Prepare
Begin MonoManager ReloadAssembly
[Licensing::Client] Successfully resolved entitlement details
[Licensing::Module] License group:
  Id: F4-EKNF-HAYT-J4NC-GUS3-XXXX
  Product: Unity Personal
  Type: ULF
  Expiration: 2026-02-17T08:27:29Z
[Licensing::Module] License group:
  Id: 18968363472433-UnityPersXXXX
  Product: Unity Personal
  Type: Assigned
  Expiration: Unlimited
- Loaded All Assemblies, in  0.651 seconds
Refreshing native plugins compatible for Editor in 1.03 ms, found 4 plugins.
Native extension for WindowsStandalone target not found
[Package Manager] Failed to launch server process. Reason: Unity was launched with the -noUpm command-line argument
[Package Manager] Unable to send message (not connected to server process).
[Package Manager] Cannot connect to Unity Package Manager local server
Mono: successfully reloaded assembly
- Finished resetting the current domain, in  0.617 seconds
Domain Reload Profiling: 1271ms
	BeginReloadAssembly (219ms)
		ExecutionOrderSort (0ms)
		DisableScriptedObjects (13ms)
		BackupInstance (0ms)
		ReleaseScriptingObjects (0ms)
		CreateAndSetChildDomain (55ms)
	RebuildCommonClasses (33ms)
	RebuildNativeTypeToScriptingClass (12ms)
	initialDomainReloadingComplete (21ms)
	LoadAllAssembliesAndSetupDomain (370ms)
		LoadAssemblies (285ms)
		RebuildTransferFunctionScriptingTraits (0ms)
		AnalyzeDomain (184ms)
			TypeCache.Refresh (10ms)
				TypeCache.ScanAssembly (0ms)
			BuildScriptInfoCaches (160ms)
			ResolveRequiredComponents (8ms)
	FinalizeReload (617ms)
		ReleaseScriptCaches (0ms)
		RebuildScriptCaches (0ms)
		SetupLoadedEditorAssemblies (483ms)
			LogAssemblyErrors (0ms)
			InitializePlatformSupportModulesInManaged (2ms)
			SetLoadedEditorAssemblies (5ms)
			BeforeProcessingInitializeOnLoad (131ms)
			ProcessInitializeOnLoadAttributes (280ms)
			ProcessInitializeOnLoadMethodAttributes (63ms)
			AfterProcessingInitializeOnLoad (1ms)
			EditorAssembliesLoaded (0ms)
		ExecutionOrderSort2 (0ms)
		AwakeInstancesAfterBackupRestoration (11ms)
Refreshing native plugins compatible for Editor in 0.75 ms, found 4 plugins.
Preloading 0 native plugins for Editor in 0.00 ms.
Unloading 16 Unused Serialized files (Serialized files now loaded: 0)
Unloading 6881 unused Assets / (4.3 MB). Loaded Objects now: 7714.
Memory consumption went from 158.4 MB to 154.1 MB.
Total: 7.658500 ms (FindLiveObjects: 0.551500 ms CreateObjectMapping: 0.490000 ms MarkObjects: 4.733100 ms  DeleteObjects: 1.882900 ms)

Prepare: number of updated asset objects reloaded= 0
========================================================================
Received Prepare
Refreshing native plugins compatible for Editor in 0.73 ms, found 4 plugins.
Preloading 0 native plugins for Editor in 0.00 ms.
Unloading 16 Unused Serialized files (Serialized files now loaded: 0)
Unloading 6871 unused Assets / (4.3 MB). Loaded Objects now: 7714.
Memory consumption went from 158.6 MB to 154.3 MB.
Total: 7.531000 ms (FindLiveObjects: 0.534800 ms CreateObjectMapping: 0.508500 ms MarkObjects: 4.659900 ms  DeleteObjects: 1.826700 ms)

Prepare: number of updated asset objects reloaded= 0
========================================================================
Received Import Request.
  Time since last request: 13.567373 seconds.
  path: Assets/Scripts/Player.cs
  artifactKey: Guid(94da901bc7c33e04b822bbcdde5de069) Importer(815301076,1909f56bfc062723c751e8b465ee728b)
Start importing Assets/Scripts/Player.cs using Guid(94da901bc7c33e04b822bbcdde5de069) Importer(815301076,1909f56bfc062723c751e8b465ee728b) (PreviewImporter) -> (artifact id: '05fe51a09a0f0b6eb0dbea68eba837ca') in 0.0116378 seconds
Number of updated asset objects reloaded before import = 0Number of asset objects unloaded after import = 0

========================================================================
Received Import Request.
  Time since last request: 0.459233 seconds.
  path: Assets/Scripts/Player.cs
  artifactKey: Guid(94da901bc7c33e04b822bbcdde5de069) Importer(2089858483,b0f066a214c2f5e87bad3c948f4d605d)
Start importing Assets/Scripts/Player.cs using Guid(94da901bc7c33e04b822bbcdde5de069) Importer(2089858483,b0f066a214c2f5e87bad3c948f4d605d) (ScriptedImporter) -> (artifact id: '94004cbcaf2618b2407b78fcbebb53e4') in 0.071716 seconds
Number of updated asset objects reloaded before import = 0Number of asset objects unloaded after import = 0

========================================================================
Received Prepare
Begin MonoManager ReloadAssembly
- Loaded All Assemblies, in  0.569 seconds
Refreshing native plugins compatible for Editor in 0.70 ms, found 4 plugins.
Native extension for WindowsStandalone target not found
[Package Manager] Failed to launch server process. Reason: Unity was launched with the -noUpm command-line argument
[Package Manager] Unable to send message (not connected to server process).
[Package Manager] Cannot connect to Unity Package Manager local server
Mono: successfully reloaded assembly
- Finished resetting the current domain, in  0.630 seconds
Domain Reload Profiling: 1203ms
	BeginReloadAssembly (181ms)
		ExecutionOrderSort (0ms)
		DisableScriptedObjects (11ms)
		BackupInstance (0ms)
		ReleaseScriptingObjects (0ms)
		CreateAndSetChildDomain (47ms)
	RebuildCommonClasses (28ms)
	RebuildNativeTypeToScriptingClass (11ms)
	initialDomainReloadingComplete (19ms)
	LoadAllAssembliesAndSetupDomain (333ms)
		LoadAssemblies (253ms)
		RebuildTransferFunctionScriptingTraits (0ms)
		AnalyzeDomain (158ms)
			TypeCache.Refresh (9ms)
				TypeCache.ScanAssembly (0ms)
			BuildScriptInfoCaches (134ms)
			ResolveRequiredComponents (9ms)
	FinalizeReload (631ms)
		ReleaseScriptCaches (0ms)
		RebuildScriptCaches (0ms)
		SetupLoadedEditorAssemblies (502ms)
			LogAssemblyErrors (0ms)
			InitializePlatformSupportModulesInManaged (2ms)
			SetLoadedEditorAssemblies (5ms)
			BeforeProcessingInitializeOnLoad (119ms)
			ProcessInitializeOnLoadAttributes (306ms)
			ProcessInitializeOnLoadMethodAttributes (69ms)
			AfterProcessingInitializeOnLoad (1ms)
			EditorAssembliesLoaded (0ms)
		ExecutionOrderSort2 (0ms)
		AwakeInstancesAfterBackupRestoration (13ms)
Refreshing native plugins compatible for Editor in 0.79 ms, found 4 plugins.
Preloading 0 native plugins for Editor in 0.00 ms.
Unloading 16 Unused Serialized files (Serialized files now loaded: 0)
Unloading 6881 unused Assets / (4.2 MB). Loaded Objects now: 7717.
Memory consumption went from 158.5 MB to 154.3 MB.
Total: 7.128300 ms (FindLiveObjects: 0.572000 ms CreateObjectMapping: 0.460700 ms MarkObjects: 4.320600 ms  DeleteObjects: 1.774000 ms)

Prepare: number of updated asset objects reloaded= 0
========================================================================
Received Import Request.
  Time since last request: 5.747251 seconds.
  path: Assets/Scripts/Player.cs
  artifactKey: Guid(94da901bc7c33e04b822bbcdde5de069) Importer(815301076,1909f56bfc062723c751e8b465ee728b)
Start importing Assets/Scripts/Player.cs using Guid(94da901bc7c33e04b822bbcdde5de069) Importer(815301076,1909f56bfc062723c751e8b465ee728b) (PreviewImporter) -> (artifact id: 'd02b0f7134143473229fd4ad385bf3db') in 0.0051142 seconds
Number of updated asset objects reloaded before import = 0Number of asset objects unloaded after import = 0

========================================================================
Received Prepare
Refreshing native plugins compatible for Editor in 1.00 ms, found 4 plugins.
Preloading 0 native plugins for Editor in 0.00 ms.
Unloading 16 Unused Serialized files (Serialized files now loaded: 0)
Unloading 6871 unused Assets / (4.4 MB). Loaded Objects now: 7717.
Memory consumption went from 158.6 MB to 154.3 MB.
Total: 9.609100 ms (FindLiveObjects: 0.708200 ms CreateObjectMapping: 0.404000 ms MarkObjects: 6.101500 ms  DeleteObjects: 2.393900 ms)

Prepare: number of updated asset objects reloaded= 0
========================================================================
Received Import Request.
  Time since last request: 29.606307 seconds.
  path: Assets/Scripts/Player.cs
  artifactKey: Guid(94da901bc7c33e04b822bbcdde5de069) Importer(815301076,1909f56bfc062723c751e8b465ee728b)
Start importing Assets/Scripts/Player.cs using Guid(94da901bc7c33e04b822bbcdde5de069) Importer(815301076,1909f56bfc062723c751e8b465ee728b) (PreviewImporter) -> (artifact id: 'c158a5747bef68fde7f1a99683b17028') in 0.0050476 seconds
Number of updated asset objects reloaded before import = 0Number of asset objects unloaded after import = 0

========================================================================
Received Prepare
Begin MonoManager ReloadAssembly
- Loaded All Assemblies, in  0.620 seconds
Refreshing native plugins compatible for Editor in 0.67 ms, found 4 plugins.
Native extension for WindowsStandalone target not found
[Package Manager] Failed to launch server process. Reason: Unity was launched with the -noUpm command-line argument
[Package Manager] Unable to send message (not connected to server process).
[Package Manager] Cannot connect to Unity Package Manager local server
Mono: successfully reloaded assembly
- Finished resetting the current domain, in  0.659 seconds
Domain Reload Profiling: 1282ms
	BeginReloadAssembly (189ms)
		ExecutionOrderSort (0ms)
		DisableScriptedObjects (12ms)
		BackupInstance (0ms)
		ReleaseScriptingObjects (0ms)
		CreateAndSetChildDomain (47ms)
	RebuildCommonClasses (33ms)
	RebuildNativeTypeToScriptingClass (12ms)
	initialDomainReloadingComplete (20ms)
	LoadAllAssembliesAndSetupDomain (369ms)
		LoadAssemblies (277ms)
		RebuildTransferFunctionScriptingTraits (0ms)
		AnalyzeDomain (174ms)
			TypeCache.Refresh (10ms)
				TypeCache.ScanAssembly (0ms)
			BuildScriptInfoCaches (150ms)
			ResolveRequiredComponents (9ms)
	FinalizeReload (660ms)
		ReleaseScriptCaches (0ms)
		RebuildScriptCaches (0ms)
		SetupLoadedEditorAssemblies (533ms)
			LogAssemblyErrors (0ms)
			InitializePlatformSupportModulesInManaged (2ms)
			SetLoadedEditorAssemblies (5ms)
			BeforeProcessingInitializeOnLoad (137ms)
			ProcessInitializeOnLoadAttributes (316ms)
			ProcessInitializeOnLoadMethodAttributes (71ms)
			AfterProcessingInitializeOnLoad (1ms)
			EditorAssembliesLoaded (0ms)
		ExecutionOrderSort2 (0ms)
		AwakeInstancesAfterBackupRestoration (12ms)
Refreshing native plugins compatible for Editor in 0.87 ms, found 4 plugins.
Preloading 0 native plugins for Editor in 0.00 ms.
Unloading 16 Unused Serialized files (Serialized files now loaded: 0)
Unloading 6881 unused Assets / (4.5 MB). Loaded Objects now: 7720.
Memory consumption went from 160.4 MB to 155.9 MB.
Total: 8.780000 ms (FindLiveObjects: 0.920200 ms CreateObjectMapping: 0.645600 ms MarkObjects: 4.869200 ms  DeleteObjects: 2.343400 ms)

Prepare: number of updated asset objects reloaded= 0
========================================================================
Received Import Request.
  Time since last request: 7.446131 seconds.
  path: Assets/Scripts/Player.cs
  artifactKey: Guid(94da901bc7c33e04b822bbcdde5de069) Importer(815301076,1909f56bfc062723c751e8b465ee728b)
Start importing Assets/Scripts/Player.cs using Guid(94da901bc7c33e04b822bbcdde5de069) Importer(815301076,1909f56bfc062723c751e8b465ee728b) (PreviewImporter) -> (artifact id: '00000000000000000000000000000000') in 0.0062763 seconds
Import Error Code:(4)
Message: Build asset version error: assets/scripts/player.cs in SourceAssetDB has modification time of '2026-01-11T07:55:34.4612649Z' while content on disk has modification time of '2026-01-11T07:55:40.6790271Z'
  ERROR: Build asset version error: assets/scripts/player.cs in SourceAssetDB has modification time of '2026-01-11T07:55:34.4612649Z' while content on disk has modification time of '2026-01-11T07:55:40.6790271Z'
Number of updated asset objects reloaded before import = 0Number of asset objects unloaded after import = 0

========================================================================
Received Import Request.
  Time since last request: 0.000012 seconds.
  path: Assets/Scripts/Player.cs
  artifactKey: Guid(94da901bc7c33e04b822bbcdde5de069) Importer(815301076,1909f56bfc062723c751e8b465ee728b)
Start importing Assets/Scripts/Player.cs using Guid(94da901bc7c33e04b822bbcdde5de069) Importer(815301076,1909f56bfc062723c751e8b465ee728b) (PreviewImporter) -> (artifact id: '00000000000000000000000000000000') in 0.0005078 seconds
Import Error Code:(4)
Message: Build asset version error: assets/scripts/player.cs in SourceAssetDB has modification time of '2026-01-11T07:55:34.4612649Z' while content on disk has modification time of '2026-01-11T07:55:40.6790271Z'
  ERROR: Build asset version error: assets/scripts/player.cs in SourceAssetDB has modification time of '2026-01-11T07:55:34.4612649Z' while content on disk has modification time of '2026-01-11T07:55:40.6790271Z'
Number of updated asset objects reloaded before import = 0Number of asset objects unloaded after import = 0

========================================================================
Received Import Request.
  Time since last request: 0.000012 seconds.
  path: Assets/Scripts/Player.cs
  artifactKey: Guid(94da901bc7c33e04b822bbcdde5de069) Importer(815301076,1909f56bfc062723c751e8b465ee728b)
Start importing Assets/Scripts/Player.cs using Guid(94da901bc7c33e04b822bbcdde5de069) Importer(815301076,1909f56bfc062723c751e8b465ee728b) (PreviewImporter) -> (artifact id: '00000000000000000000000000000000') in 0.0004674 seconds
Import Error Code:(4)
Message: Build asset version error: assets/scripts/player.cs in SourceAssetDB has modification time of '2026-01-11T07:55:34.4612649Z' while content on disk has modification time of '2026-01-11T07:55:40.6790271Z'
  ERROR: Build asset version error: assets/scripts/player.cs in SourceAssetDB has modification time of '2026-01-11T07:55:34.4612649Z' while content on disk has modification time of '2026-01-11T07:55:40.6790271Z'
Number of updated asset objects reloaded before import = 0Number of asset objects unloaded after import = 0

========================================================================
Received Import Request.
  Time since last request: 0.000012 seconds.
  path: Assets/Scripts/Player.cs
  artifactKey: Guid(94da901bc7c33e04b822bbcdde5de069) Importer(815301076,1909f56bfc062723c751e8b465ee728b)
Start importing Assets/Scripts/Player.cs using Guid(94da901bc7c33e04b822bbcdde5de069) Importer(815301076,1909f56bfc062723c751e8b465ee728b) (PreviewImporter) -> (artifact id: '00000000000000000000000000000000') in 0.0004806 seconds
Import Error Code:(4)
Message: Build asset version error: assets/scripts/player.cs in SourceAssetDB has modification time of '2026-01-11T07:55:34.4612649Z' while content on disk has modification time of '2026-01-11T07:55:40.6790271Z'
  ERROR: Build asset version error: assets/scripts/player.cs in SourceAssetDB has modification time of '2026-01-11T07:55:34.4612649Z' while content on disk has modification time of '2026-01-11T07:55:40.6790271Z'
Number of updated asset objects reloaded before import = 0Number of asset objects unloaded after import = 0

========================================================================
Received Import Request.
  Time since last request: 0.000013 seconds.
  path: Assets/Scripts/Player.cs
  artifactKey: Guid(94da901bc7c33e04b822bbcdde5de069) Importer(815301076,1909f56bfc062723c751e8b465ee728b)
Start importing Assets/Scripts/Player.cs using Guid(94da901bc7c33e04b822bbcdde5de069) Importer(815301076,1909f56bfc062723c751e8b465ee728b) (PreviewImporter) -> (artifact id: '00000000000000000000000000000000') in 0.0004243 seconds
Import Error Code:(4)
Message: Build asset version error: assets/scripts/player.cs in SourceAssetDB has modification time of '2026-01-11T07:55:34.4612649Z' while content on disk has modification time of '2026-01-11T07:55:40.6790271Z'
  ERROR: Build asset version error: assets/scripts/player.cs in SourceAssetDB has modification time of '2026-01-11T07:55:34.4612649Z' while content on disk has modification time of '2026-01-11T07:55:40.6790271Z'
Number of updated asset objects reloaded before import = 0Number of asset objects unloaded after import = 0

========================================================================
Received Import Request.
  Time since last request: 0.000012 seconds.
  path: Assets/Scripts/Player.cs
  artifactKey: Guid(94da901bc7c33e04b822bbcdde5de069) Importer(815301076,1909f56bfc062723c751e8b465ee728b)
Start importing Assets/Scripts/Player.cs using Guid(94da901bc7c33e04b822bbcdde5de069) Importer(815301076,1909f56bfc062723c751e8b465ee728b) (PreviewImporter) -> (artifact id: '00000000000000000000000000000000') in 0.000568 seconds
Import Error Code:(4)
Message: Build asset version error: assets/scripts/player.cs in SourceAssetDB has modification time of '2026-01-11T07:55:34.4612649Z' while content on disk has modification time of '2026-01-11T07:55:40.6790271Z'
  ERROR: Build asset version error: assets/scripts/player.cs in SourceAssetDB has modification time of '2026-01-11T07:55:34.4612649Z' while content on disk has modification time of '2026-01-11T07:55:40.6790271Z'
Number of updated asset objects reloaded before import = 0Number of asset objects unloaded after import = 0

========================================================================
Received Import Request.
  Time since last request: 0.000014 seconds.
  path: Assets/Scripts/Player.cs
  artifactKey: Guid(94da901bc7c33e04b822bbcdde5de069) Importer(815301076,1909f56bfc062723c751e8b465ee728b)
Start importing Assets/Scripts/Player.cs using Guid(94da901bc7c33e04b822bbcdde5de069) Importer(815301076,1909f56bfc062723c751e8b465ee728b) (PreviewImporter) -> (artifact id: '00000000000000000000000000000000') in 0.0004358 seconds
Import Error Code:(4)
Message: Build asset version error: assets/scripts/player.cs in SourceAssetDB has modification time of '2026-01-11T07:55:34.4612649Z' while content on disk has modification time of '2026-01-11T07:55:40.6790271Z'
  ERROR: Build asset version error: assets/scripts/player.cs in SourceAssetDB has modification time of '2026-01-11T07:55:34.4612649Z' while content on disk has modification time of '2026-01-11T07:55:40.6790271Z'
Number of updated asset objects reloaded before import = 0Number of asset objects unloaded after import = 0

========================================================================
Received Import Request.
  Time since last request: 0.000012 seconds.
  path: Assets/Scripts/Player.cs
  artifactKey: Guid(94da901bc7c33e04b822bbcdde5de069) Importer(815301076,1909f56bfc062723c751e8b465ee728b)
Start importing Assets/Scripts/Player.cs using Guid(94da901bc7c33e04b822bbcdde5de069) Importer(815301076,1909f56bfc062723c751e8b465ee728b) (PreviewImporter) -> (artifact id: '00000000000000000000000000000000') in 0.0004334 seconds
Import Error Code:(4)
Message: Build asset version error: assets/scripts/player.cs in SourceAssetDB has modification time of '2026-01-11T07:55:34.4612649Z' while content on disk has modification time of '2026-01-11T07:55:40.6790271Z'
  ERROR: Build asset version error: assets/scripts/player.cs in SourceAssetDB has modification time of '2026-01-11T07:55:34.4612649Z' while content on disk has modification time of '2026-01-11T07:55:40.6790271Z'
Number of updated asset objects reloaded before import = 0Number of asset objects unloaded after import = 0

========================================================================
Received Import Request.
  Time since last request: 0.000012 seconds.
  path: Assets/Scripts/Player.cs
  artifactKey: Guid(94da901bc7c33e04b822bbcdde5de069) Importer(815301076,1909f56bfc062723c751e8b465ee728b)
Start importing Assets/Scripts/Player.cs using Guid(94da901bc7c33e04b822bbcdde5de069) Importer(815301076,1909f56bfc062723c751e8b465ee728b) (PreviewImporter) -> (artifact id: '00000000000000000000000000000000') in 0.0004139 seconds
Import Error Code:(4)
Message: Build asset version error: assets/scripts/player.cs in SourceAssetDB has modification time of '2026-01-11T07:55:34.4612649Z' while content on disk has modification time of '2026-01-11T07:55:40.6790271Z'
  ERROR: Build asset version error: assets/scripts/player.cs in SourceAssetDB has modification time of '2026-01-11T07:55:34.4612649Z' while content on disk has modification time of '2026-01-11T07:55:40.6790271Z'
Number of updated asset objects reloaded before import = 0Number of asset objects unloaded after import = 0

========================================================================
Received Import Request.
  Time since last request: 0.000014 seconds.
  path: Assets/Scripts/Player.cs
  artifactKey: Guid(94da901bc7c33e04b822bbcdde5de069) Importer(815301076,1909f56bfc062723c751e8b465ee728b)
Start importing Assets/Scripts/Player.cs using Guid(94da901bc7c33e04b822bbcdde5de069) Importer(815301076,1909f56bfc062723c751e8b465ee728b) (PreviewImporter) -> (artifact id: '00000000000000000000000000000000') in 0.0004251 seconds
Import Error Code:(4)
Message: Build asset version error: assets/scripts/player.cs in SourceAssetDB has modification time of '2026-01-11T07:55:34.4612649Z' while content on disk has modification time of '2026-01-11T07:55:40.6790271Z'
  ERROR: Build asset version error: assets/scripts/player.cs in SourceAssetDB has modification time of '2026-01-11T07:55:34.4612649Z' while content on disk has modification time of '2026-01-11T07:55:40.6790271Z'
Number of updated asset objects reloaded before import = 0Number of asset objects unloaded after import = 0

========================================================================
Received Import Request.
  Time since last request: 0.000021 seconds.
  path: Assets/Scripts/Player.cs
  artifactKey: Guid(94da901bc7c33e04b822bbcdde5de069) Importer(815301076,1909f56bfc062723c751e8b465ee728b)
Start importing Assets/Scripts/Player.cs using Guid(94da901bc7c33e04b822bbcdde5de069) Importer(815301076,1909f56bfc062723c751e8b465ee728b) (PreviewImporter) -> (artifact id: '00000000000000000000000000000000') in 0.0004095 seconds
Import Error Code:(4)
Message: Build asset version error: assets/scripts/player.cs in SourceAssetDB has modification time of '2026-01-11T07:55:34.4612649Z' while content on disk has modification time of '2026-01-11T07:55:40.6790271Z'
  ERROR: Build asset version error: assets/scripts/player.cs in SourceAssetDB has modification time of '2026-01-11T07:55:34.4612649Z' while content on disk has modification time of '2026-01-11T07:55:40.6790271Z'
Number of updated asset objects reloaded before import = 0Number of asset objects unloaded after import = 0

========================================================================
Received Import Request.
  Time since last request: 0.000012 seconds.
  path: Assets/Scripts/Player.cs
  artifactKey: Guid(94da901bc7c33e04b822bbcdde5de069) Importer(815301076,1909f56bfc062723c751e8b465ee728b)
Start importing Assets/Scripts/Player.cs using Guid(94da901bc7c33e04b822bbcdde5de069) Importer(815301076,1909f56bfc062723c751e8b465ee728b) (PreviewImporter) -> (artifact id: '00000000000000000000000000000000') in 0.0004139 seconds
Import Error Code:(4)
Message: Build asset version error: assets/scripts/player.cs in SourceAssetDB has modification time of '2026-01-11T07:55:34.4612649Z' while content on disk has modification time of '2026-01-11T07:55:40.6790271Z'
  ERROR: Build asset version error: assets/scripts/player.cs in SourceAssetDB has modification time of '2026-01-11T07:55:34.4612649Z' while content on disk has modification time of '2026-01-11T07:55:40.6790271Z'
Number of updated asset objects reloaded before import = 0Number of asset objects unloaded after import = 0

========================================================================
Received Import Request.
  Time since last request: 0.000013 seconds.
  path: Assets/Scripts/Player.cs
  artifactKey: Guid(94da901bc7c33e04b822bbcdde5de069) Importer(815301076,1909f56bfc062723c751e8b465ee728b)
Start importing Assets/Scripts/Player.cs using Guid(94da901bc7c33e04b822bbcdde5de069) Importer(815301076,1909f56bfc062723c751e8b465ee728b) (PreviewImporter) -> (artifact id: '00000000000000000000000000000000') in 0.0004067 seconds
Import Error Code:(4)
Message: Build asset version error: assets/scripts/player.cs in SourceAssetDB has modification time of '2026-01-11T07:55:34.4612649Z' while content on disk has modification time of '2026-01-11T07:55:40.6790271Z'
  ERROR: Build asset version error: assets/scripts/player.cs in SourceAssetDB has modification time of '2026-01-11T07:55:34.4612649Z' while content on disk has modification time of '2026-01-11T07:55:40.6790271Z'
Number of updated asset objects reloaded before import = 0Number of asset objects unloaded after import = 0

========================================================================
Received Import Request.
  Time since last request: 0.000012 seconds.
  path: Assets/Scripts/Player.cs
  artifactKey: Guid(94da901bc7c33e04b822bbcdde5de069) Importer(815301076,1909f56bfc062723c751e8b465ee728b)
Start importing Assets/Scripts/Player.cs using Guid(94da901bc7c33e04b822bbcdde5de069) Importer(815301076,1909f56bfc062723c751e8b465ee728b) (PreviewImporter) -> (artifact id: '00000000000000000000000000000000') in 0.0004327 seconds
Import Error Code:(4)
Message: Build asset version error: assets/scripts/player.cs in SourceAssetDB has modification time of '2026-01-11T07:55:34.4612649Z' while content on disk has modification time of '2026-01-11T07:55:40.6790271Z'
  ERROR: Build asset version error: assets/scripts/player.cs in SourceAssetDB has modification time of '2026-01-11T07:55:34.4612649Z' while content on disk has modification time of '2026-01-11T07:55:40.6790271Z'
Number of updated asset objects reloaded before import = 0Number of asset objects unloaded after import = 0

========================================================================
Received Import Request.
  Time since last request: 0.000013 seconds.
  path: Assets/Scripts/Player.cs
  artifactKey: Guid(94da901bc7c33e04b822bbcdde5de069) Importer(815301076,1909f56bfc062723c751e8b465ee728b)
Start importing Assets/Scripts/Player.cs using Guid(94da901bc7c33e04b822bbcdde5de069) Importer(815301076,1909f56bfc062723c751e8b465ee728b) (PreviewImporter) -> (artifact id: '00000000000000000000000000000000') in 0.0004828 seconds
Import Error Code:(4)
Message: Build asset version error: assets/scripts/player.cs in SourceAssetDB has modification time of '2026-01-11T07:55:34.4612649Z' while content on disk has modification time of '2026-01-11T07:55:40.6790271Z'
  ERROR: Build asset version error: assets/scripts/player.cs in SourceAssetDB has modification time of '2026-01-11T07:55:34.4612649Z' while content on disk has modification time of '2026-01-11T07:55:40.6790271Z'
Number of updated asset objects reloaded before import = 0Number of asset objects unloaded after import = 0

========================================================================
Received Import Request.
  Time since last request: 0.000012 seconds.
  path: Assets/Scripts/Player.cs
  artifactKey: Guid(94da901bc7c33e04b822bbcdde5de069) Importer(815301076,1909f56bfc062723c751e8b465ee728b)
Start importing Assets/Scripts/Player.cs using Guid(94da901bc7c33e04b822bbcdde5de069) Importer(815301076,1909f56bfc062723c751e8b465ee728b) (PreviewImporter) -> (artifact id: '00000000000000000000000000000000') in 0.0010046 seconds
Import Error Code:(4)
Message: Build asset version error: assets/scripts/player.cs in SourceAssetDB has modification time of '2026-01-11T07:55:34.4612649Z' while content on disk has modification time of '2026-01-11T07:55:40.6790271Z'
  ERROR: Build asset version error: assets/scripts/player.cs in SourceAssetDB has modification time of '2026-01-11T07:55:34.4612649Z' while content on disk has modification time of '2026-01-11T07:55:40.6790271Z'
Number of updated asset objects reloaded before import = 0Number of asset objects unloaded after import = 0

========================================================================
Received Import Request.
  Time since last request: 0.000013 seconds.
  path: Assets/Scripts/Player.cs
  artifactKey: Guid(94da901bc7c33e04b822bbcdde5de069) Importer(815301076,1909f56bfc062723c751e8b465ee728b)
Start importing Assets/Scripts/Player.cs using Guid(94da901bc7c33e04b822bbcdde5de069) Importer(815301076,1909f56bfc062723c751e8b465ee728b) (PreviewImporter) -> (artifact id: '00000000000000000000000000000000') in 0.0004495 seconds
Import Error Code:(4)
Message: Build asset version error: assets/scripts/player.cs in SourceAssetDB has modification time of '2026-01-11T07:55:34.4612649Z' while content on disk has modification time of '2026-01-11T07:55:40.6790271Z'
  ERROR: Build asset version error: assets/scripts/player.cs in SourceAssetDB has modification time of '2026-01-11T07:55:34.4612649Z' while content on disk has modification time of '2026-01-11T07:55:40.6790271Z'
Number of updated asset objects reloaded before import = 0Number of asset objects unloaded after import = 0

========================================================================
Received Import Request.
  Time since last request: 0.000012 seconds.
  path: Assets/Scripts/Player.cs
  artifactKey: Guid(94da901bc7c33e04b822bbcdde5de069) Importer(815301076,1909f56bfc062723c751e8b465ee728b)
Start importing Assets/Scripts/Player.cs using Guid(94da901bc7c33e04b822bbcdde5de069) Importer(815301076,1909f56bfc062723c751e8b465ee728b) (PreviewImporter) -> (artifact id: '00000000000000000000000000000000') in 0.0004988 seconds
Import Error Code:(4)
Message: Build asset version error: assets/scripts/player.cs in SourceAssetDB has modification time of '2026-01-11T07:55:34.4612649Z' while content on disk has modification time of '2026-01-11T07:55:40.6790271Z'
  ERROR: Build asset version error: assets/scripts/player.cs in SourceAssetDB has modification time of '2026-01-11T07:55:34.4612649Z' while content on disk has modification time of '2026-01-11T07:55:40.6790271Z'
Number of updated asset objects reloaded before import = 0Number of asset objects unloaded after import = 0

========================================================================
Received Import Request.
  Time since last request: 0.000013 seconds.
  path: Assets/Scripts/Player.cs
  artifactKey: Guid(94da901bc7c33e04b822bbcdde5de069) Importer(815301076,1909f56bfc062723c751e8b465ee728b)
Start importing Assets/Scripts/Player.cs using Guid(94da901bc7c33e04b822bbcdde5de069) Importer(815301076,1909f56bfc062723c751e8b465ee728b) (PreviewImporter) -> (artifact id: '00000000000000000000000000000000') in 0.0004344 seconds
Import Error Code:(4)
Message: Build asset version error: assets/scripts/player.cs in SourceAssetDB has modification time of '2026-01-11T07:55:34.4612649Z' while content on disk has modification time of '2026-01-11T07:55:40.6790271Z'
  ERROR: Build asset version error: assets/scripts/player.cs in SourceAssetDB has modification time of '2026-01-11T07:55:34.4612649Z' while content on disk has modification time of '2026-01-11T07:55:40.6790271Z'
Number of updated asset objects reloaded before import = 0Number of asset objects unloaded after import = 0

========================================================================
Received Import Request.
  Time since last request: 0.000013 seconds.
  path: Assets/Scripts/Player.cs
  artifactKey: Guid(94da901bc7c33e04b822bbcdde5de069) Importer(815301076,1909f56bfc062723c751e8b465ee728b)
Start importing Assets/Scripts/Player.cs using Guid(94da901bc7c33e04b822bbcdde5de069) Importer(815301076,1909f56bfc062723c751e8b465ee728b) (PreviewImporter) -> (artifact id: '00000000000000000000000000000000') in 0.0004419 seconds
Import Error Code:(4)
Message: Build asset version error: assets/scripts/player.cs in SourceAssetDB has modification time of '2026-01-11T07:55:34.4612649Z' while content on disk has modification time of '2026-01-11T07:55:40.6790271Z'
  ERROR: Build asset version error: assets/scripts/player.cs in SourceAssetDB has modification time of '2026-01-11T07:55:34.4612649Z' while content on disk has modification time of '2026-01-11T07:55:40.6790271Z'
Number of updated asset objects reloaded before import = 0Number of asset objects unloaded after import = 0

========================================================================
Received Import Request.
  Time since last request: 0.000015 seconds.
  path: Assets/Scripts/Player.cs
  artifactKey: Guid(94da901bc7c33e04b822bbcdde5de069) Importer(815301076,1909f56bfc062723c751e8b465ee728b)
Start importing Assets/Scripts/Player.cs using Guid(94da901bc7c33e04b822bbcdde5de069) Importer(815301076,1909f56bfc062723c751e8b465ee728b) (PreviewImporter) -> (artifact id: '00000000000000000000000000000000') in 0.0004626 seconds
Import Error Code:(4)
Message: Build asset version error: assets/scripts/player.cs in SourceAssetDB has modification time of '2026-01-11T07:55:34.4612649Z' while content on disk has modification time of '2026-01-11T07:55:40.6790271Z'
  ERROR: Build asset version error: assets/scripts/player.cs in SourceAssetDB has modification time of '2026-01-11T07:55:34.4612649Z' while content on disk has modification time of '2026-01-11T07:55:40.6790271Z'
Number of updated asset objects reloaded before import = 0Number of asset objects unloaded after import = 0

========================================================================
Received Import Request.
  Time since last request: 0.000021 seconds.
  path: Assets/Scripts/Player.cs
  artifactKey: Guid(94da901bc7c33e04b822bbcdde5de069) Importer(815301076,1909f56bfc062723c751e8b465ee728b)
Start importing Assets/Scripts/Player.cs using Guid(94da901bc7c33e04b822bbcdde5de069) Importer(815301076,1909f56bfc062723c751e8b465ee728b) (PreviewImporter) -> (artifact id: '00000000000000000000000000000000') in 0.0004391 seconds
Import Error Code:(4)
Message: Build asset version error: assets/scripts/player.cs in SourceAssetDB has modification time of '2026-01-11T07:55:34.4612649Z' while content on disk has modification time of '2026-01-11T07:55:40.6790271Z'
  ERROR: Build asset version error: assets/scripts/player.cs in SourceAssetDB has modification time of '2026-01-11T07:55:34.4612649Z' while content on disk has modification time of '2026-01-11T07:55:40.6790271Z'
Number of updated asset objects reloaded before import = 0Number of asset objects unloaded after import = 0

========================================================================
Received Import Request.
  Time since last request: 0.000015 seconds.
  path: Assets/Scripts/Player.cs
  artifactKey: Guid(94da901bc7c33e04b822bbcdde5de069) Importer(815301076,1909f56bfc062723c751e8b465ee728b)
Start importing Assets/Scripts/Player.cs using Guid(94da901bc7c33e04b822bbcdde5de069) Importer(815301076,1909f56bfc062723c751e8b465ee728b) (PreviewImporter) -> (artifact id: '00000000000000000000000000000000') in 0.0005094 seconds
Import Error Code:(4)
Message: Build asset version error: assets/scripts/player.cs in SourceAssetDB has modification time of '2026-01-11T07:55:34.4612649Z' while content on disk has modification time of '2026-01-11T07:55:40.6790271Z'
  ERROR: Build asset version error: assets/scripts/player.cs in SourceAssetDB has modification time of '2026-01-11T07:55:34.4612649Z' while content on disk has modification time of '2026-01-11T07:55:40.6790271Z'
Number of updated asset objects reloaded before import = 0Number of asset objects unloaded after import = 0

========================================================================
Received Import Request.
  Time since last request: 0.000012 seconds.
  path: Assets/Scripts/Player.cs
  artifactKey: Guid(94da901bc7c33e04b822bbcdde5de069) Importer(815301076,1909f56bfc062723c751e8b465ee728b)
Start importing Assets/Scripts/Player.cs using Guid(94da901bc7c33e04b822bbcdde5de069) Importer(815301076,1909f56bfc062723c751e8b465ee728b) (PreviewImporter) -> (artifact id: '00000000000000000000000000000000') in 0.0004214 seconds
Import Error Code:(4)
Message: Build asset version error: assets/scripts/player.cs in SourceAssetDB has modification time of '2026-01-11T07:55:34.4612649Z' while content on disk has modification time of '2026-01-11T07:55:40.6790271Z'
  ERROR: Build asset version error: assets/scripts/player.cs in SourceAssetDB has modification time of '2026-01-11T07:55:34.4612649Z' while content on disk has modification time of '2026-01-11T07:55:40.6790271Z'
Number of updated asset objects reloaded before import = 0Number of asset objects unloaded after import = 0

========================================================================
Received Import Request.
  Time since last request: 0.000012 seconds.
  path: Assets/Scripts/Player.cs
  artifactKey: Guid(94da901bc7c33e04b822bbcdde5de069) Importer(815301076,1909f56bfc062723c751e8b465ee728b)
Start importing Assets/Scripts/Player.cs using Guid(94da901bc7c33e04b822bbcdde5de069) Importer(815301076,1909f56bfc062723c751e8b465ee728b) (PreviewImporter) -> (artifact id: '00000000000000000000000000000000') in 0.0004241 seconds
Import Error Code:(4)
Message: Build asset version error: assets/scripts/player.cs in SourceAssetDB has modification time of '2026-01-11T07:55:34.4612649Z' while content on disk has modification time of '2026-01-11T07:55:40.6790271Z'
  ERROR: Build asset version error: assets/scripts/player.cs in SourceAssetDB has modification time of '2026-01-11T07:55:34.4612649Z' while content on disk has modification time of '2026-01-11T07:55:40.6790271Z'
Number of updated asset objects reloaded before import = 0Number of asset objects unloaded after import = 0

========================================================================
Received Import Request.
  Time since last request: 0.000013 seconds.
  path: Assets/Scripts/Player.cs
  artifactKey: Guid(94da901bc7c33e04b822bbcdde5de069) Importer(815301076,1909f56bfc062723c751e8b465ee728b)
Start importing Assets/Scripts/Player.cs using Guid(94da901bc7c33e04b822bbcdde5de069) Importer(815301076,1909f56bfc062723c751e8b465ee728b) (PreviewImporter) -> (artifact id: '00000000000000000000000000000000') in 0.0004145 seconds
Import Error Code:(4)
Message: Build asset version error: assets/scripts/player.cs in SourceAssetDB has modification time of '2026-01-11T07:55:34.4612649Z' while content on disk has modification time of '2026-01-11T07:55:40.6790271Z'
  ERROR: Build asset version error: assets/scripts/player.cs in SourceAssetDB has modification time of '2026-01-11T07:55:34.4612649Z' while content on disk has modification time of '2026-01-11T07:55:40.6790271Z'
Number of updated asset objects reloaded before import = 0Number of asset objects unloaded after import = 0

========================================================================
Received Import Request.
  Time since last request: 0.000012 seconds.
  path: Assets/Scripts/Player.cs
  artifactKey: Guid(94da901bc7c33e04b822bbcdde5de069) Importer(815301076,1909f56bfc062723c751e8b465ee728b)
Start importing Assets/Scripts/Player.cs using Guid(94da901bc7c33e04b822bbcdde5de069) Importer(815301076,1909f56bfc062723c751e8b465ee728b) (PreviewImporter) -> (artifact id: '00000000000000000000000000000000') in 0.0004165 seconds
Import Error Code:(4)
Message: Build asset version error: assets/scripts/player.cs in SourceAssetDB has modification time of '2026-01-11T07:55:34.4612649Z' while content on disk has modification time of '2026-01-11T07:55:40.6790271Z'
  ERROR: Build asset version error: assets/scripts/player.cs in SourceAssetDB has modification time of '2026-01-11T07:55:34.4612649Z' while content on disk has modification time of '2026-01-11T07:55:40.6790271Z'
Number of updated asset objects reloaded before import = 0Number of asset objects unloaded after import = 0

========================================================================
Received Import Request.
  Time since last request: 0.000013 seconds.
  path: Assets/Scripts/Player.cs
  artifactKey: Guid(94da901bc7c33e04b822bbcdde5de069) Importer(815301076,1909f56bfc062723c751e8b465ee728b)
Start importing Assets/Scripts/Player.cs using Guid(94da901bc7c33e04b822bbcdde5de069) Importer(815301076,1909f56bfc062723c751e8b465ee728b) (PreviewImporter) -> (artifact id: '00000000000000000000000000000000') in 0.0004572 seconds
Import Error Code:(4)
Message: Build asset version error: assets/scripts/player.cs in SourceAssetDB has modification time of '2026-01-11T07:55:34.4612649Z' while content on disk has modification time of '2026-01-11T07:55:40.6790271Z'
  ERROR: Build asset version error: assets/scripts/player.cs in SourceAssetDB has modification time of '2026-01-11T07:55:34.4612649Z' while content on disk has modification time of '2026-01-11T07:55:40.6790271Z'
Number of updated asset objects reloaded before import = 0Number of asset objects unloaded after import = 0

========================================================================
Received Import Request.
  Time since last request: 0.000012 seconds.
  path: Assets/Scripts/Player.cs
  artifactKey: Guid(94da901bc7c33e04b822bbcdde5de069) Importer(815301076,1909f56bfc062723c751e8b465ee728b)
Start importing Assets/Scripts/Player.cs using Guid(94da901bc7c33e04b822bbcdde5de069) Importer(815301076,1909f56bfc062723c751e8b465ee728b) (PreviewImporter) -> (artifact id: '00000000000000000000000000000000') in 0.0004142 seconds
Import Error Code:(4)
Message: Build asset version error: assets/scripts/player.cs in SourceAssetDB has modification time of '2026-01-11T07:55:34.4612649Z' while content on disk has modification time of '2026-01-11T07:55:40.6790271Z'
  ERROR: Build asset version error: assets/scripts/player.cs in SourceAssetDB has modification time of '2026-01-11T07:55:34.4612649Z' while content on disk has modification time of '2026-01-11T07:55:40.6790271Z'
Number of updated asset objects reloaded before import = 0Number of asset objects unloaded after import = 0

========================================================================
Received Import Request.
  Time since last request: 0.000013 seconds.
  path: Assets/Scripts/Player.cs
  artifactKey: Guid(94da901bc7c33e04b822bbcdde5de069) Importer(815301076,1909f56bfc062723c751e8b465ee728b)
Start importing Assets/Scripts/Player.cs using Guid(94da901bc7c33e04b822bbcdde5de069) Importer(815301076,1909f56bfc062723c751e8b465ee728b) (PreviewImporter) -> (artifact id: '00000000000000000000000000000000') in 0.0004243 seconds
Import Error Code:(4)
Message: Build asset version error: assets/scripts/player.cs in SourceAssetDB has modification time of '2026-01-11T07:55:34.4612649Z' while content on disk has modification time of '2026-01-11T07:55:40.6790271Z'
  ERROR: Build asset version error: assets/scripts/player.cs in SourceAssetDB has modification time of '2026-01-11T07:55:34.4612649Z' while content on disk has modification time of '2026-01-11T07:55:40.6790271Z'
Number of updated asset objects reloaded before import = 0Number of asset objects unloaded after import = 0

========================================================================
Received Import Request.
  Time since last request: 0.000013 seconds.
  path: Assets/Scripts/Player.cs
  artifactKey: Guid(94da901bc7c33e04b822bbcdde5de069) Importer(815301076,1909f56bfc062723c751e8b465ee728b)
Start importing Assets/Scripts/Player.cs using Guid(94da901bc7c33e04b822bbcdde5de069) Importer(815301076,1909f56bfc062723c751e8b465ee728b) (PreviewImporter) -> (artifact id: '00000000000000000000000000000000') in 0.0004515 seconds
Import Error Code:(4)
Message: Build asset version error: assets/scripts/player.cs in SourceAssetDB has modification time of '2026-01-11T07:55:34.4612649Z' while content on disk has modification time of '2026-01-11T07:55:40.6790271Z'
  ERROR: Build asset version error: assets/scripts/player.cs in SourceAssetDB has modification time of '2026-01-11T07:55:34.4612649Z' while content on disk has modification time of '2026-01-11T07:55:40.6790271Z'
Number of updated asset objects reloaded before import = 0Number of asset objects unloaded after import = 0

========================================================================
Received Import Request.
  Time since last request: 0.000026 seconds.
  path: Assets/Scripts/Player.cs
  artifactKey: Guid(94da901bc7c33e04b822bbcdde5de069) Importer(815301076,1909f56bfc062723c751e8b465ee728b)
Start importing Assets/Scripts/Player.cs using Guid(94da901bc7c33e04b822bbcdde5de069) Importer(815301076,1909f56bfc062723c751e8b465ee728b) (PreviewImporter) -> (artifact id: '00000000000000000000000000000000') in 0.0004381 seconds
Import Error Code:(4)
Message: Build asset version error: assets/scripts/player.cs in SourceAssetDB has modification time of '2026-01-11T07:55:34.4612649Z' while content on disk has modification time of '2026-01-11T07:55:40.6790271Z'
  ERROR: Build asset version error: assets/scripts/player.cs in SourceAssetDB has modification time of '2026-01-11T07:55:34.4612649Z' while content on disk has modification time of '2026-01-11T07:55:40.6790271Z'
Number of updated asset objects reloaded before import = 0Number of asset objects unloaded after import = 0

========================================================================
Received Import Request.
  Time since last request: 0.000021 seconds.
  path: Assets/Scripts/Player.cs
  artifactKey: Guid(94da901bc7c33e04b822bbcdde5de069) Importer(815301076,1909f56bfc062723c751e8b465ee728b)
Start importing Assets/Scripts/Player.cs using Guid(94da901bc7c33e04b822bbcdde5de069) Importer(815301076,1909f56bfc062723c751e8b465ee728b) (PreviewImporter) -> (artifact id: '00000000000000000000000000000000') in 0.0004273 seconds
Import Error Code:(4)
Message: Build asset version error: assets/scripts/player.cs in SourceAssetDB has modification time of '2026-01-11T07:55:34.4612649Z' while content on disk has modification time of '2026-01-11T07:55:40.6790271Z'
  ERROR: Build asset version error: assets/scripts/player.cs in SourceAssetDB has modification time of '2026-01-11T07:55:34.4612649Z' while content on disk has modification time of '2026-01-11T07:55:40.6790271Z'
Number of updated asset objects reloaded before import = 0Number of asset objects unloaded after import = 0

========================================================================
Received Import Request.
  Time since last request: 0.000013 seconds.
  path: Assets/Scripts/Player.cs
  artifactKey: Guid(94da901bc7c33e04b822bbcdde5de069) Importer(815301076,1909f56bfc062723c751e8b465ee728b)
Start importing Assets/Scripts/Player.cs using Guid(94da901bc7c33e04b822bbcdde5de069) Importer(815301076,1909f56bfc062723c751e8b465ee728b) (PreviewImporter) -> (artifact id: '00000000000000000000000000000000') in 0.0004653 seconds
Import Error Code:(4)
Message: Build asset version error: assets/scripts/player.cs in SourceAssetDB has modification time of '2026-01-11T07:55:34.4612649Z' while content on disk has modification time of '2026-01-11T07:55:40.6790271Z'
  ERROR: Build asset version error: assets/scripts/player.cs in SourceAssetDB has modification time of '2026-01-11T07:55:34.4612649Z' while content on disk has modification time of '2026-01-11T07:55:40.6790271Z'
Number of updated asset objects reloaded before import = 0Number of asset objects unloaded after import = 0

========================================================================
Received Import Request.
  Time since last request: 0.000012 seconds.
  path: Assets/Scripts/Player.cs
  artifactKey: Guid(94da901bc7c33e04b822bbcdde5de069) Importer(815301076,1909f56bfc062723c751e8b465ee728b)
Start importing Assets/Scripts/Player.cs using Guid(94da901bc7c33e04b822bbcdde5de069) Importer(815301076,1909f56bfc062723c751e8b465ee728b) (PreviewImporter) -> (artifact id: '00000000000000000000000000000000') in 0.00041 seconds
Import Error Code:(4)
Message: Build asset version error: assets/scripts/player.cs in SourceAssetDB has modification time of '2026-01-11T07:55:34.4612649Z' while content on disk has modification time of '2026-01-11T07:55:40.6790271Z'
  ERROR: Build asset version error: assets/scripts/player.cs in SourceAssetDB has modification time of '2026-01-11T07:55:34.4612649Z' while content on disk has modification time of '2026-01-11T07:55:40.6790271Z'
Number of updated asset objects reloaded before import = 0Number of asset objects unloaded after import = 0

========================================================================
Received Import Request.
  Time since last request: 0.000013 seconds.
  path: Assets/Scripts/Player.cs
  artifactKey: Guid(94da901bc7c33e04b822bbcdde5de069) Importer(815301076,1909f56bfc062723c751e8b465ee728b)
Start importing Assets/Scripts/Player.cs using Guid(94da901bc7c33e04b822bbcdde5de069) Importer(815301076,1909f56bfc062723c751e8b465ee728b) (PreviewImporter) -> (artifact id: '00000000000000000000000000000000') in 0.0004276 seconds
Import Error Code:(4)
Message: Build asset version error: assets/scripts/player.cs in SourceAssetDB has modification time of '2026-01-11T07:55:34.4612649Z' while content on disk has modification time of '2026-01-11T07:55:40.6790271Z'
  ERROR: Build asset version error: assets/scripts/player.cs in SourceAssetDB has modification time of '2026-01-11T07:55:34.4612649Z' while content on disk has modification time of '2026-01-11T07:55:40.6790271Z'
Number of updated asset objects reloaded before import = 0Number of asset objects unloaded after import = 0

========================================================================
Received Import Request.
  Time since last request: 0.000012 seconds.
  path: Assets/Scripts/Player.cs
  artifactKey: Guid(94da901bc7c33e04b822bbcdde5de069) Importer(815301076,1909f56bfc062723c751e8b465ee728b)
Start importing Assets/Scripts/Player.cs using Guid(94da901bc7c33e04b822bbcdde5de069) Importer(815301076,1909f56bfc062723c751e8b465ee728b) (PreviewImporter) -> (artifact id: '00000000000000000000000000000000') in 0.0004721 seconds
Import Error Code:(4)
Message: Build asset version error: assets/scripts/player.cs in SourceAssetDB has modification time of '2026-01-11T07:55:34.4612649Z' while content on disk has modification time of '2026-01-11T07:55:40.6790271Z'
  ERROR: Build asset version error: assets/scripts/player.cs in SourceAssetDB has modification time of '2026-01-11T07:55:34.4612649Z' while content on disk has modification time of '2026-01-11T07:55:40.6790271Z'
Number of updated asset objects reloaded before import = 0Number of asset objects unloaded after import = 0

========================================================================
Received Import Request.
  Time since last request: 0.000013 seconds.
  path: Assets/Scripts/Player.cs
  artifactKey: Guid(94da901bc7c33e04b822bbcdde5de069) Importer(815301076,1909f56bfc062723c751e8b465ee728b)
Start importing Assets/Scripts/Player.cs using Guid(94da901bc7c33e04b822bbcdde5de069) Importer(815301076,1909f56bfc062723c751e8b465ee728b) (PreviewImporter) -> (artifact id: '00000000000000000000000000000000') in 0.0004968 seconds
Import Error Code:(4)
Message: Build asset version error: assets/scripts/player.cs in SourceAssetDB has modification time of '2026-01-11T07:55:34.4612649Z' while content on disk has modification time of '2026-01-11T07:55:40.6790271Z'
  ERROR: Build asset version error: assets/scripts/player.cs in SourceAssetDB has modification time of '2026-01-11T07:55:34.4612649Z' while content on disk has modification time of '2026-01-11T07:55:40.6790271Z'
Number of updated asset objects reloaded before import = 0Number of asset objects unloaded after import = 0

========================================================================
Received Import Request.
  Time since last request: 0.000051 seconds.
  path: Assets/Scripts/Player.cs
  artifactKey: Guid(94da901bc7c33e04b822bbcdde5de069) Importer(815301076,1909f56bfc062723c751e8b465ee728b)
Start importing Assets/Scripts/Player.cs using Guid(94da901bc7c33e04b822bbcdde5de069) Importer(815301076,1909f56bfc062723c751e8b465ee728b) (PreviewImporter) -> (artifact id: '00000000000000000000000000000000') in 0.0004387 seconds
Import Error Code:(4)
Message: Build asset version error: assets/scripts/player.cs in SourceAssetDB has modification time of '2026-01-11T07:55:34.4612649Z' while content on disk has modification time of '2026-01-11T07:55:40.6790271Z'
  ERROR: Build asset version error: assets/scripts/player.cs in SourceAssetDB has modification time of '2026-01-11T07:55:34.4612649Z' while content on disk has modification time of '2026-01-11T07:55:40.6790271Z'
Number of updated asset objects reloaded before import = 0Number of asset objects unloaded after import = 0

========================================================================
Received Import Request.
  Time since last request: 0.000013 seconds.
  path: Assets/Scripts/Player.cs
  artifactKey: Guid(94da901bc7c33e04b822bbcdde5de069) Importer(815301076,1909f56bfc062723c751e8b465ee728b)
Start importing Assets/Scripts/Player.cs using Guid(94da901bc7c33e04b822bbcdde5de069) Importer(815301076,1909f56bfc062723c751e8b465ee728b) (PreviewImporter) -> (artifact id: '00000000000000000000000000000000') in 0.0004305 seconds
Import Error Code:(4)
Message: Build asset version error: assets/scripts/player.cs in SourceAssetDB has modification time of '2026-01-11T07:55:34.4612649Z' while content on disk has modification time of '2026-01-11T07:55:40.6790271Z'
  ERROR: Build asset version error: assets/scripts/player.cs in SourceAssetDB has modification time of '2026-01-11T07:55:34.4612649Z' while content on disk has modification time of '2026-01-11T07:55:40.6790271Z'
Number of updated asset objects reloaded before import = 0Number of asset objects unloaded after import = 0

========================================================================
Received Import Request.
  Time since last request: 0.000012 seconds.
  path: Assets/Scripts/Player.cs
  artifactKey: Guid(94da901bc7c33e04b822bbcdde5de069) Importer(815301076,1909f56bfc062723c751e8b465ee728b)
Start importing Assets/Scripts/Player.cs using Guid(94da901bc7c33e04b822bbcdde5de069) Importer(815301076,1909f56bfc062723c751e8b465ee728b) (PreviewImporter) -> (artifact id: '00000000000000000000000000000000') in 0.0004118 seconds
Import Error Code:(4)
Message: Build asset version error: assets/scripts/player.cs in SourceAssetDB has modification time of '2026-01-11T07:55:34.4612649Z' while content on disk has modification time of '2026-01-11T07:55:40.6790271Z'
  ERROR: Build asset version error: assets/scripts/player.cs in SourceAssetDB has modification time of '2026-01-11T07:55:34.4612649Z' while content on disk has modification time of '2026-01-11T07:55:40.6790271Z'
Number of updated asset objects reloaded before import = 0Number of asset objects unloaded after import = 0

========================================================================
Received Import Request.
  Time since last request: 0.000013 seconds.
  path: Assets/Scripts/Player.cs
  artifactKey: Guid(94da901bc7c33e04b822bbcdde5de069) Importer(815301076,1909f56bfc062723c751e8b465ee728b)
Start importing Assets/Scripts/Player.cs using Guid(94da901bc7c33e04b822bbcdde5de069) Importer(815301076,1909f56bfc062723c751e8b465ee728b) (PreviewImporter) -> (artifact id: '00000000000000000000000000000000') in 0.0004246 seconds
Import Error Code:(4)
Message: Build asset version error: assets/scripts/player.cs in SourceAssetDB has modification time of '2026-01-11T07:55:34.4612649Z' while content on disk has modification time of '2026-01-11T07:55:40.6790271Z'
  ERROR: Build asset version error: assets/scripts/player.cs in SourceAssetDB has modification time of '2026-01-11T07:55:34.4612649Z' while content on disk has modification time of '2026-01-11T07:55:40.6790271Z'
Number of updated asset objects reloaded before import = 0Number of asset objects unloaded after import = 0

========================================================================
Received Import Request.
  Time since last request: 0.000013 seconds.
  path: Assets/Scripts/Player.cs
  artifactKey: Guid(94da901bc7c33e04b822bbcdde5de069) Importer(815301076,1909f56bfc062723c751e8b465ee728b)
Start importing Assets/Scripts/Player.cs using Guid(94da901bc7c33e04b822bbcdde5de069) Importer(815301076,1909f56bfc062723c751e8b465ee728b) (PreviewImporter) -> (artifact id: '00000000000000000000000000000000') in 0.0004215 seconds
Import Error Code:(4)
Message: Build asset version error: assets/scripts/player.cs in SourceAssetDB has modification time of '2026-01-11T07:55:34.4612649Z' while content on disk has modification time of '2026-01-11T07:55:40.6790271Z'
  ERROR: Build asset version error: assets/scripts/player.cs in SourceAssetDB has modification time of '2026-01-11T07:55:34.4612649Z' while content on disk has modification time of '2026-01-11T07:55:40.6790271Z'
Number of updated asset objects reloaded before import = 0Number of asset objects unloaded after import = 0

========================================================================
Received Import Request.
  Time since last request: 0.000052 seconds.
  path: Assets/Scripts/Player.cs
  artifactKey: Guid(94da901bc7c33e04b822bbcdde5de069) Importer(815301076,1909f56bfc062723c751e8b465ee728b)
Start importing Assets/Scripts/Player.cs using Guid(94da901bc7c33e04b822bbcdde5de069) Importer(815301076,1909f56bfc062723c751e8b465ee728b) (PreviewImporter) -> (artifact id: '00000000000000000000000000000000') in 0.0004295 seconds
Import Error Code:(4)
Message: Build asset version error: assets/scripts/player.cs in SourceAssetDB has modification time of '2026-01-11T07:55:34.4612649Z' while content on disk has modification time of '2026-01-11T07:55:40.6790271Z'
  ERROR: Build asset version error: assets/scripts/player.cs in SourceAssetDB has modification time of '2026-01-11T07:55:34.4612649Z' while content on disk has modification time of '2026-01-11T07:55:40.6790271Z'
Number of updated asset objects reloaded before import = 0Number of asset objects unloaded after import = 0

========================================================================
Received Import Request.
  Time since last request: 0.000012 seconds.
  path: Assets/Scripts/Player.cs
  artifactKey: Guid(94da901bc7c33e04b822bbcdde5de069) Importer(815301076,1909f56bfc062723c751e8b465ee728b)
Start importing Assets/Scripts/Player.cs using Guid(94da901bc7c33e04b822bbcdde5de069) Importer(815301076,1909f56bfc062723c751e8b465ee728b) (PreviewImporter) -> (artifact id: '00000000000000000000000000000000') in 0.0004245 seconds
Import Error Code:(4)
Message: Build asset version error: assets/scripts/player.cs in SourceAssetDB has modification time of '2026-01-11T07:55:34.4612649Z' while content on disk has modification time of '2026-01-11T07:55:40.6790271Z'
  ERROR: Build asset version error: assets/scripts/player.cs in SourceAssetDB has modification time of '2026-01-11T07:55:34.4612649Z' while content on disk has modification time of '2026-01-11T07:55:40.6790271Z'
Number of updated asset objects reloaded before import = 0Number of asset objects unloaded after import = 0

========================================================================
Received Import Request.
  Time since last request: 0.000013 seconds.
  path: Assets/Scripts/Player.cs
  artifactKey: Guid(94da901bc7c33e04b822bbcdde5de069) Importer(815301076,1909f56bfc062723c751e8b465ee728b)
Start importing Assets/Scripts/Player.cs using Guid(94da901bc7c33e04b822bbcdde5de069) Importer(815301076,1909f56bfc062723c751e8b465ee728b) (PreviewImporter) -> (artifact id: '00000000000000000000000000000000') in 0.0004653 seconds
Import Error Code:(4)
Message: Build asset version error: assets/scripts/player.cs in SourceAssetDB has modification time of '2026-01-11T07:55:34.4612649Z' while content on disk has modification time of '2026-01-11T07:55:40.6790271Z'
  ERROR: Build asset version error: assets/scripts/player.cs in SourceAssetDB has modification time of '2026-01-11T07:55:34.4612649Z' while content on disk has modification time of '2026-01-11T07:55:40.6790271Z'
Number of updated asset objects reloaded before import = 0Number of asset objects unloaded after import = 0

========================================================================
Received Import Request.
  Time since last request: 0.000014 seconds.
  path: Assets/Scripts/Player.cs
  artifactKey: Guid(94da901bc7c33e04b822bbcdde5de069) Importer(815301076,1909f56bfc062723c751e8b465ee728b)
Start importing Assets/Scripts/Player.cs using Guid(94da901bc7c33e04b822bbcdde5de069) Importer(815301076,1909f56bfc062723c751e8b465ee728b) (PreviewImporter) -> (artifact id: '00000000000000000000000000000000') in 0.0004869 seconds
Import Error Code:(4)
Message: Build asset version error: assets/scripts/player.cs in SourceAssetDB has modification time of '2026-01-11T07:55:34.4612649Z' while content on disk has modification time of '2026-01-11T07:55:40.6790271Z'
  ERROR: Build asset version error: assets/scripts/player.cs in SourceAssetDB has modification time of '2026-01-11T07:55:34.4612649Z' while content on disk has modification time of '2026-01-11T07:55:40.6790271Z'
Number of updated asset objects reloaded before import = 0Number of asset objects unloaded after import = 0

========================================================================
Received Import Request.
  Time since last request: 0.000012 seconds.
  path: Assets/Scripts/Player.cs
  artifactKey: Guid(94da901bc7c33e04b822bbcdde5de069) Importer(815301076,1909f56bfc062723c751e8b465ee728b)
Start importing Assets/Scripts/Player.cs using Guid(94da901bc7c33e04b822bbcdde5de069) Importer(815301076,1909f56bfc062723c751e8b465ee728b) (PreviewImporter) -> (artifact id: '00000000000000000000000000000000') in 0.0004269 seconds
Import Error Code:(4)
Message: Build asset version error: assets/scripts/player.cs in SourceAssetDB has modification time of '2026-01-11T07:55:34.4612649Z' while content on disk has modification time of '2026-01-11T07:55:40.6790271Z'
  ERROR: Build asset version error: assets/scripts/player.cs in SourceAssetDB has modification time of '2026-01-11T07:55:34.4612649Z' while content on disk has modification time of '2026-01-11T07:55:40.6790271Z'
Number of updated asset objects reloaded before import = 0Number of asset objects unloaded after import = 0

========================================================================
Received Import Request.
  Time since last request: 0.000012 seconds.
  path: Assets/Scripts/Player.cs
  artifactKey: Guid(94da901bc7c33e04b822bbcdde5de069) Importer(815301076,1909f56bfc062723c751e8b465ee728b)
Start importing Assets/Scripts/Player.cs using Guid(94da901bc7c33e04b822bbcdde5de069) Importer(815301076,1909f56bfc062723c751e8b465ee728b) (PreviewImporter) -> (artifact id: '00000000000000000000000000000000') in 0.0006205 seconds
Import Error Code:(4)
Message: Build asset version error: assets/scripts/player.cs in SourceAssetDB has modification time of '2026-01-11T07:55:34.4612649Z' while content on disk has modification time of '2026-01-11T07:55:40.6790271Z'
  ERROR: Build asset version error: assets/scripts/player.cs in SourceAssetDB has modification time of '2026-01-11T07:55:34.4612649Z' while content on disk has modification time of '2026-01-11T07:55:40.6790271Z'
Number of updated asset objects reloaded before import = 0Number of asset objects unloaded after import = 0

========================================================================
Received Import Request.
  Time since last request: 0.000012 seconds.
  path: Assets/Scripts/Player.cs
  artifactKey: Guid(94da901bc7c33e04b822bbcdde5de069) Importer(815301076,1909f56bfc062723c751e8b465ee728b)
Start importing Assets/Scripts/Player.cs using Guid(94da901bc7c33e04b822bbcdde5de069) Importer(815301076,1909f56bfc062723c751e8b465ee728b) (PreviewImporter) -> (artifact id: '00000000000000000000000000000000') in 0.0004714 seconds
Import Error Code:(4)
Message: Build asset version error: assets/scripts/player.cs in SourceAssetDB has modification time of '2026-01-11T07:55:34.4612649Z' while content on disk has modification time of '2026-01-11T07:55:40.6790271Z'
  ERROR: Build asset version error: assets/scripts/player.cs in SourceAssetDB has modification time of '2026-01-11T07:55:34.4612649Z' while content on disk has modification time of '2026-01-11T07:55:40.6790271Z'
Number of updated asset objects reloaded before import = 0Number of asset objects unloaded after import = 0

========================================================================
Received Import Request.
  Time since last request: 0.000013 seconds.
  path: Assets/Scripts/Player.cs
  artifactKey: Guid(94da901bc7c33e04b822bbcdde5de069) Importer(815301076,1909f56bfc062723c751e8b465ee728b)
Start importing Assets/Scripts/Player.cs using Guid(94da901bc7c33e04b822bbcdde5de069) Importer(815301076,1909f56bfc062723c751e8b465ee728b) (PreviewImporter) -> (artifact id: '00000000000000000000000000000000') in 0.0005877 seconds
Import Error Code:(4)
Message: Build asset version error: assets/scripts/player.cs in SourceAssetDB has modification time of '2026-01-11T07:55:34.4612649Z' while content on disk has modification time of '2026-01-11T07:55:40.6790271Z'
  ERROR: Build asset version error: assets/scripts/player.cs in SourceAssetDB has modification time of '2026-01-11T07:55:34.4612649Z' while content on disk has modification time of '2026-01-11T07:55:40.6790271Z'
Number of updated asset objects reloaded before import = 0Number of asset objects unloaded after import = 0

========================================================================
Received Import Request.
  Time since last request: 0.000012 seconds.
  path: Assets/Scripts/Player.cs
  artifactKey: Guid(94da901bc7c33e04b822bbcdde5de069) Importer(815301076,1909f56bfc062723c751e8b465ee728b)
Start importing Assets/Scripts/Player.cs using Guid(94da901bc7c33e04b822bbcdde5de069) Importer(815301076,1909f56bfc062723c751e8b465ee728b) (PreviewImporter) -> (artifact id: '00000000000000000000000000000000') in 0.0004078 seconds
Import Error Code:(4)
Message: Build asset version error: assets/scripts/player.cs in SourceAssetDB has modification time of '2026-01-11T07:55:34.4612649Z' while content on disk has modification time of '2026-01-11T07:55:40.6790271Z'
  ERROR: Build asset version error: assets/scripts/player.cs in SourceAssetDB has modification time of '2026-01-11T07:55:34.4612649Z' while content on disk has modification time of '2026-01-11T07:55:40.6790271Z'
Number of updated asset objects reloaded before import = 0Number of asset objects unloaded after import = 0

========================================================================
Received Import Request.
  Time since last request: 0.000013 seconds.
  path: Assets/Scripts/Player.cs
  artifactKey: Guid(94da901bc7c33e04b822bbcdde5de069) Importer(815301076,1909f56bfc062723c751e8b465ee728b)
Start importing Assets/Scripts/Player.cs using Guid(94da901bc7c33e04b822bbcdde5de069) Importer(815301076,1909f56bfc062723c751e8b465ee728b) (PreviewImporter) -> (artifact id: '7acdb05423d23483836a0bd2dc6aef91') in 0.0006175 seconds
Number of updated asset objects reloaded before import = 0Number of asset objects unloaded after import = 0

========================================================================
Received Prepare
Begin MonoManager ReloadAssembly
- Loaded All Assemblies, in  0.578 seconds
Refreshing native plugins compatible for Editor in 0.93 ms, found 4 plugins.
Native extension for WindowsStandalone target not found
[Package Manager] Failed to launch server process. Reason: Unity was launched with the -noUpm command-line argument
[Package Manager] Unable to send message (not connected to server process).
[Package Manager] Cannot connect to Unity Package Manager local server
Mono: successfully reloaded assembly
- Finished resetting the current domain, in  0.613 seconds
Domain Reload Profiling: 1194ms
	BeginReloadAssembly (184ms)
		ExecutionOrderSort (0ms)
		DisableScriptedObjects (11ms)
		BackupInstance (0ms)
		ReleaseScriptingObjects (0ms)
		CreateAndSetChildDomain (46ms)
	RebuildCommonClasses (32ms)
	RebuildNativeTypeToScriptingClass (12ms)
	initialDomainReloadingComplete (21ms)
	LoadAllAssembliesAndSetupDomain (332ms)
		LoadAssemblies (253ms)
		RebuildTransferFunctionScriptingTraits (0ms)
		AnalyzeDomain (160ms)
			TypeCache.Refresh (9ms)
				TypeCache.ScanAssembly (0ms)
			BuildScriptInfoCaches (136ms)
			ResolveRequiredComponents (8ms)
	FinalizeReload (613ms)
		ReleaseScriptCaches (0ms)
		RebuildScriptCaches (0ms)
		SetupLoadedEditorAssemblies (480ms)
			LogAssemblyErrors (0ms)
			InitializePlatformSupportModulesInManaged (2ms)
			SetLoadedEditorAssemblies (5ms)
			BeforeProcessingInitializeOnLoad (116ms)
			ProcessInitializeOnLoadAttributes (288ms)
			ProcessInitializeOnLoadMethodAttributes (68ms)
			AfterProcessingInitializeOnLoad (1ms)
			EditorAssembliesLoaded (0ms)
		ExecutionOrderSort2 (0ms)
		AwakeInstancesAfterBackupRestoration (12ms)
Refreshing native plugins compatible for Editor in 1.29 ms, found 4 plugins.
Preloading 0 native plugins for Editor in 0.00 ms.
Unloading 16 Unused Serialized files (Serialized files now loaded: 0)
Unloading 6881 unused Assets / (4.3 MB). Loaded Objects now: 7723.
Memory consumption went from 160.5 MB to 156.2 MB.
Total: 7.667400 ms (FindLiveObjects: 0.579800 ms CreateObjectMapping: 0.524100 ms MarkObjects: 4.690300 ms  DeleteObjects: 1.872100 ms)

Prepare: number of updated asset objects reloaded= 0
========================================================================
Received Prepare
Begin MonoManager ReloadAssembly
[Licensing::Client] Successfully resolved entitlement details
[Licensing::Module] License group:
  Id: F4-EKNF-HAYT-J4NC-GUS3-XXXX
  Product: Unity Personal
  Type: ULF
  Expiration: 2026-02-17T08:27:29Z
[Licensing::Module] License group:
  Id: 18968363472433-UnityPersXXXX
  Product: Unity Personal
  Type: Assigned
  Expiration: Unlimited
- Loaded All Assemblies, in  0.592 seconds
Refreshing native plugins compatible for Editor in 0.68 ms, found 4 plugins.
Native extension for WindowsStandalone target not found
[Package Manager] Failed to launch server process. Reason: Unity was launched with the -noUpm command-line argument
[Package Manager] Unable to send message (not connected to server process).
[Package Manager] Cannot connect to Unity Package Manager local server
Mono: successfully reloaded assembly
- Finished resetting the current domain, in  0.593 seconds
Domain Reload Profiling: 1188ms
	BeginReloadAssembly (188ms)
		ExecutionOrderSort (0ms)
		DisableScriptedObjects (12ms)
		BackupInstance (0ms)
		ReleaseScriptingObjects (0ms)
		CreateAndSetChildDomain (42ms)
	RebuildCommonClasses (29ms)
	RebuildNativeTypeToScriptingClass (11ms)
	initialDomainReloadingComplete (20ms)
	LoadAllAssembliesAndSetupDomain (347ms)
		LoadAssemblies (259ms)
		RebuildTransferFunctionScriptingTraits (0ms)
		AnalyzeDomain (167ms)
			TypeCache.Refresh (8ms)
				TypeCache.ScanAssembly (0ms)
			BuildScriptInfoCaches (145ms)
			ResolveRequiredComponents (9ms)
	FinalizeReload (593ms)
		ReleaseScriptCaches (0ms)
		RebuildScriptCaches (0ms)
		SetupLoadedEditorAssemblies (462ms)
			LogAssemblyErrors (0ms)
			InitializePlatformSupportModulesInManaged (2ms)
			SetLoadedEditorAssemblies (5ms)
			BeforeProcessingInitializeOnLoad (118ms)
			ProcessInitializeOnLoadAttributes (270ms)
			ProcessInitializeOnLoadMethodAttributes (64ms)
			AfterProcessingInitializeOnLoad (2ms)
			EditorAssembliesLoaded (0ms)
		ExecutionOrderSort2 (0ms)
		AwakeInstancesAfterBackupRestoration (14ms)
Refreshing native plugins compatible for Editor in 1.81 ms, found 4 plugins.
Preloading 0 native plugins for Editor in 0.00 ms.
Unloading 16 Unused Serialized files (Serialized files now loaded: 0)
Unloading 6881 unused Assets / (3.6 MB). Loaded Objects now: 7726.
Memory consumption went from 160.5 MB to 156.9 MB.
Total: 8.135900 ms (FindLiveObjects: 0.685300 ms CreateObjectMapping: 0.753100 ms MarkObjects: 4.815400 ms  DeleteObjects: 1.880700 ms)

Prepare: number of updated asset objects reloaded= 0
========================================================================
Received Import Request.
  Time since last request: 66.954481 seconds.
  path: Assets/Scripts/Player.cs
  artifactKey: Guid(94da901bc7c33e04b822bbcdde5de069) Importer(2089858483,b0f066a214c2f5e87bad3c948f4d605d)
Start importing Assets/Scripts/Player.cs using Guid(94da901bc7c33e04b822bbcdde5de069) Importer(2089858483,b0f066a214c2f5e87bad3c948f4d605d) (ScriptedImporter) -> (artifact id: 'c2de8b83238ea702a094510b6521a7b2') in 0.0845357 seconds
Number of updated asset objects reloaded before import = 0Number of asset objects unloaded after import = 0

========================================================================
Received Import Request.
  Time since last request: 34.612010 seconds.
  path: Assets/InputSystem_Actions.inputactions
  artifactKey: Guid(2bcd2660ca9b64942af0de543d8d7100) Importer(2089858483,b0f066a214c2f5e87bad3c948f4d605d)
Start importing Assets/InputSystem_Actions.inputactions using Guid(2bcd2660ca9b64942af0de543d8d7100) Importer(2089858483,b0f066a214c2f5e87bad3c948f4d605d) (ScriptedImporter) -> (artifact id: '4ea14b1fa30e249cf05ec85f0329517b') in 0.1358391 seconds
Number of updated asset objects reloaded before import = 1Number of asset objects unloaded after import = 21

