[Licensing::Module] Trying to connect to existing licensing client channel...
Built from '6000.3/staging' branch; Version is '6000.3.3f1 (ef04196de0d6) revision 15664153'; Using compiler version '194234433'; Build Type 'Release'
OS: 'Windows 11  (10.0.26200) 64bit CoreSingleLanguage' Language: 'en' Physical Memory: 16085 MB
[Licensing::IpcConnector] Successfully connected to: "LicenseClient-PC" at "2026-03-04T06:33:39.6036429Z"
BatchMode: 1, IsHumanControllingUs: 0, StartBugReporterOnCrash: 0, Is64bit: 1
Date: 2026-03-04T06:33:39Z

COMMAND LINE ARGUMENTS:
C:\Program Files\Unity\Hub\Editor\6000.3.3f1\Editor\Unity.exe
-adb2
-batchMode
-noUpm
-name
AssetImportWorker0
-projectPath
D:/Code/Unity/Bunny Hop Adventure
-logFile
Logs/AssetImportWorker0.log
-srvPort
58901
-licensingIpc
LicenseClient-PC
-job-worker-count
7
-background-job-worker-count
8
-gc-helper-count
1
-name
AssetImport
Successfully changed project path to: D:/Code/Unity/Bunny Hop Adventure
D:/Code/Unity/Bunny Hop Adventure
[UnityMemory] Configuration Parameters - Can be set up in boot.config
    "memorysetup-temp-allocator-size-nav-mesh-worker=65536"
    "memorysetup-temp-allocator-size-audio-worker=65536"
    "memorysetup-temp-allocator-size-gfx=262144"
    "memorysetup-allocator-temp-initial-block-size-main=262144"
    "memorysetup-allocator-temp-initial-block-size-worker=262144"
    "memorysetup-temp-allocator-size-background-worker=32768"
    "memorysetup-temp-allocator-size-job-worker=262144"
    "memorysetup-temp-allocator-size-preload-manager=33554432"
    "memorysetup-temp-allocator-size-gi-baking-worker=262144"
    "memorysetup-temp-allocator-size-gi-baking-worker=262144"
    "memorysetup-temp-allocator-size-gi-baking-worker=262144"
    "memorysetup-temp-allocator-size-gi-baking-worker=262144"
    "memorysetup-temp-allocator-size-gi-baking-worker=262144"
    "memorysetup-bucket-allocator-granularity=16"
    "memorysetup-bucket-allocator-bucket-count=8"
    "memorysetup-bucket-allocator-block-size=33554432"
    "memorysetup-bucket-allocator-block-count=8"
    "memorysetup-main-allocator-block-size=16777216"
    "memorysetup-thread-allocator-block-size=16777216"
    "memorysetup-gfx-main-allocator-block-size=16777216"
    "memorysetup-gfx-thread-allocator-block-size=16777216"
    "memorysetup-cache-allocator-block-size=4194304"
    "memorysetup-typetree-allocator-block-size=2097152"
    "memorysetup-profiler-bucket-allocator-granularity=16"
    "memorysetup-profiler-bucket-allocator-bucket-count=8"
    "memorysetup-profiler-bucket-allocator-block-size=33554432"
    "memorysetup-profiler-bucket-allocator-block-count=8"
    "memorysetup-profiler-allocator-block-size=16777216"
    "memorysetup-profiler-editor-allocator-block-size=1048576"
    "memorysetup-temp-allocator-size-main=16777216"
    "memorysetup-job-temp-allocator-block-size=2097152"
    "memorysetup-job-temp-allocator-block-size-background=1048576"
    "memorysetup-job-temp-allocator-reduction-small-platforms=262144"
    "memorysetup-temp-allocator-size-cloud-worker=32768"
Player connection [11496]  Target information:

Player connection [11496]  * "[IP] 10.58.173.230 [Port] 0 [Flags] 2 [Guid] 332377451 [EditorId] 332377451 [Version] 1048832 [Id] WindowsEditor(7,MSI) [Debug] 1 [PackageName] WindowsEditor [ProjectName] Editor" 

Player connection [11496] Host joined multi-casting on [225.0.0.222:54997]...
Player connection [11496] Host joined alternative multi-casting on [225.0.0.222:34997]...
JobSystem: Creating JobQueue using job-worker-count value 7
Input System module state changed to: Initialized.
[Physics::Module] Initialized fallback backend.
[Physics::Module] Id: 0xdecafbad
Library Redirect Path: Library/
[Physics::Module] Selected backend.
[Physics::Module] Name: PhysX
[Physics::Module] Id: 0xf2b8ea05
[Physics::Module] SDK Version: 4.1.2
[Physics::Module] Integration Version: 1.0.0
[Physics::Module] Threading Mode: Multi-Threaded
Refreshing native plugins compatible for Editor in 2.65 ms, found 4 plugins.
Preloading 0 native plugins for Editor in 0.00 ms.
Initialize engine version: 6000.3.3f1 (ef04196de0d6)
[Subsystems] Discovering subsystems at path C:/Program Files/Unity/Hub/Editor/6000.3.3f1/Editor/Data/Resources/UnitySubsystems
[Subsystems] Discovering subsystems at path D:/Code/Unity/Bunny Hop Adventure/Assets
GfxDevice: creating device client; kGfxThreadingModeNonThreaded
Direct3D:
    Version:  Direct3D 11.0 [level 11.1]
    Renderer: NVIDIA GeForce RTX 3050 Laptop GPU (ID=0x25a2)
    Vendor:   NVIDIA
    VRAM:     3965 MB
    Driver:   32.0.15.5599
Initialize mono
Mono path[0] = 'C:/Program Files/Unity/Hub/Editor/6000.3.3f1/Editor/Data/Managed'
Mono path[1] = 'C:/Program Files/Unity/Hub/Editor/6000.3.3f1/Editor/Data/MonoBleedingEdge/lib/mono/unityjit-win32'
Mono config path = 'C:/Program Files/Unity/Hub/Editor/6000.3.3f1/Editor/Data/MonoBleedingEdge/etc'
Using monoOptions --debugger-agent=transport=dt_socket,embedding=1,server=y,suspend=n,address=127.0.0.1:56924
Begin MonoManager ReloadAssembly
Registering precompiled unity dll's ...
Register platform support module: C:/Program Files/Unity/Hub/Editor/6000.3.3f1/Editor/Data/PlaybackEngines/WindowsStandaloneSupport/UnityEditor.WindowsStandalone.Extensions.dll
Registered in 0.001970 seconds.
- Loaded All Assemblies, in  0.396 seconds
Native extension for WindowsStandalone target not found
Mono: successfully reloaded assembly
- Finished resetting the current domain, in  0.399 seconds
Domain Reload Profiling: 793ms
	BeginReloadAssembly (100ms)
		ExecutionOrderSort (0ms)
		DisableScriptedObjects (0ms)
		BackupInstance (0ms)
		ReleaseScriptingObjects (0ms)
		CreateAndSetChildDomain (1ms)
	RebuildCommonClasses (40ms)
	RebuildNativeTypeToScriptingClass (12ms)
	initialDomainReloadingComplete (47ms)
	LoadAllAssembliesAndSetupDomain (193ms)
		LoadAssemblies (96ms)
		RebuildTransferFunctionScriptingTraits (0ms)
		AnalyzeDomain (190ms)
			TypeCache.Refresh (188ms)
				TypeCache.ScanAssembly (171ms)
			BuildScriptInfoCaches (0ms)
			ResolveRequiredComponents (1ms)
	FinalizeReload (400ms)
		ReleaseScriptCaches (0ms)
		RebuildScriptCaches (0ms)
		SetupLoadedEditorAssemblies (358ms)
			LogAssemblyErrors (0ms)
			InitializePlatformSupportModulesInManaged (49ms)
			SetLoadedEditorAssemblies (4ms)
			BeforeProcessingInitializeOnLoad (81ms)
			ProcessInitializeOnLoadAttributes (151ms)
			ProcessInitializeOnLoadMethodAttributes (72ms)
			AfterProcessingInitializeOnLoad (0ms)
			EditorAssembliesLoaded (0ms)
		ExecutionOrderSort2 (0ms)
		AwakeInstancesAfterBackupRestoration (0ms)
========================================================================
Worker process is ready to serve import requests
Import Worker Mode flag is 0x00
Begin MonoManager ReloadAssembly
[Licensing::Module] Licensing is not yet initialized.
[Licensing::Client] Handshaking with LicensingClient:
  Version:                 1.17.4+4293ba1
  Session Id:              4cd5e8c93d6d4ee2a4feab1b4ba87abe
  Correlation Id:          eb0e1fe8b5d6aa0e814445b434ac08cc
  External correlation Id: 5713076228109479544
  Machine Id:              Wr7A5YYhEt6grnxpCCKE4JN7vTA=
[Licensing::Module] Successfully connected to LicensingClient on channel: "LicenseClient-PC" (connect: 0.00s, validation: 0.00s, handshake: 2.09s)
[Licensing::IpcConnector] Successfully connected to: "LicenseClient-PC-notifications" at "2026-03-04T06:33:41.6996687Z"
[Licensing::Module] Licensing Background thread has ended after 2.10s
[Licensing::Module] Licensing is initialized (took 0.42s).
[Licensing::Client] Successfully resolved entitlement details
[Licensing::Module] License group:
  Id: 18968363401174-UnityPersXXXX
  Product: Unity Personal
  Type: Assigned
  Expiration: Unlimited
- Loaded All Assemblies, in  1.162 seconds
Refreshing native plugins compatible for Editor in 1.78 ms, found 4 plugins.
Native extension for WindowsStandalone target not found
Package Manager log level set to [2]
[Package Manager] Failed to launch server process. Reason: Unity was launched with the -noUpm command-line argument
[Package Manager] Unable to send message (not connected to server process).
[Package Manager] Cannot connect to Unity Package Manager local server
Mono: successfully reloaded assembly
- Finished resetting the current domain, in  1.071 seconds
Domain Reload Profiling: 2230ms
	BeginReloadAssembly (579ms)
		ExecutionOrderSort (0ms)
		DisableScriptedObjects (6ms)
		BackupInstance (0ms)
		ReleaseScriptingObjects (0ms)
		CreateAndSetChildDomain (32ms)
	RebuildCommonClasses (42ms)
	RebuildNativeTypeToScriptingClass (13ms)
	initialDomainReloadingComplete (38ms)
	LoadAllAssembliesAndSetupDomain (487ms)
		LoadAssemblies (310ms)
		RebuildTransferFunctionScriptingTraits (0ms)
		AnalyzeDomain (251ms)
			TypeCache.Refresh (184ms)
				TypeCache.ScanAssembly (167ms)
			BuildScriptInfoCaches (52ms)
			ResolveRequiredComponents (10ms)
	FinalizeReload (1071ms)
		ReleaseScriptCaches (0ms)
		RebuildScriptCaches (0ms)
		SetupLoadedEditorAssemblies (866ms)
			LogAssemblyErrors (0ms)
			InitializePlatformSupportModulesInManaged (2ms)
			SetLoadedEditorAssemblies (4ms)
			BeforeProcessingInitializeOnLoad (197ms)
			ProcessInitializeOnLoadAttributes (495ms)
			ProcessInitializeOnLoadMethodAttributes (160ms)
			AfterProcessingInitializeOnLoad (7ms)
			EditorAssembliesLoaded (0ms)
		ExecutionOrderSort2 (0ms)
		AwakeInstancesAfterBackupRestoration (9ms)
Launched and connected shader compiler UnityShaderCompiler.exe after 0.01 seconds
Refreshing native plugins compatible for Editor in 1.57 ms, found 4 plugins.
Preloading 0 native plugins for Editor in 0.00 ms.
Unloading 16 Unused Serialized files (Serialized files now loaded: 0)
Unloading 6934 unused Assets / (4.9 MB). Loaded Objects now: 7766.
Memory consumption went from 155.6 MB to 150.7 MB.
Total: 12.228200 ms (FindLiveObjects: 0.790300 ms CreateObjectMapping: 0.850300 ms MarkObjects: 7.068900 ms  DeleteObjects: 3.517300 ms)

========================================================================
Received Import Request.
  Time since last request: 1106.518945 seconds.
  path: Assets/Buttons/PNG/28button_green.png
  artifactKey: Guid(51f92887dec5cf246aebeb21096b0008) Importer(815301076,1909f56bfc062723c751e8b465ee728b)
Start importing Assets/Buttons/PNG/28button_green.png using Guid(51f92887dec5cf246aebeb21096b0008) Importer(815301076,1909f56bfc062723c751e8b465ee728b) (PreviewImporter) -> (artifact id: 'a87ce455098f8f8f0137dd2a22e2c747') in 0.0797114 seconds
Number of updated asset objects reloaded before import = 0Number of asset objects unloaded after import = 3

========================================================================
Received Prepare
Begin MonoManager ReloadAssembly
[Licensing::Client] Successfully resolved entitlement details
- Loaded All Assemblies, in  0.654 seconds
Refreshing native plugins compatible for Editor in 0.93 ms, found 4 plugins.
Native extension for WindowsStandalone target not found
[Package Manager] Failed to launch server process. Reason: Unity was launched with the -noUpm command-line argument
[Package Manager] Unable to send message (not connected to server process).
[Package Manager] Cannot connect to Unity Package Manager local server
Mono: successfully reloaded assembly
- Finished resetting the current domain, in  0.663 seconds
Domain Reload Profiling: 1320ms
	BeginReloadAssembly (184ms)
		ExecutionOrderSort (0ms)
		DisableScriptedObjects (12ms)
		BackupInstance (0ms)
		ReleaseScriptingObjects (0ms)
		CreateAndSetChildDomain (51ms)
	RebuildCommonClasses (32ms)
	RebuildNativeTypeToScriptingClass (12ms)
	initialDomainReloadingComplete (25ms)
	LoadAllAssembliesAndSetupDomain (404ms)
		LoadAssemblies (278ms)
		RebuildTransferFunctionScriptingTraits (0ms)
		AnalyzeDomain (187ms)
			TypeCache.Refresh (7ms)
				TypeCache.ScanAssembly (0ms)
			BuildScriptInfoCaches (159ms)
			ResolveRequiredComponents (14ms)
	FinalizeReload (664ms)
		ReleaseScriptCaches (0ms)
		RebuildScriptCaches (0ms)
		SetupLoadedEditorAssemblies (520ms)
			LogAssemblyErrors (0ms)
			InitializePlatformSupportModulesInManaged (2ms)
			SetLoadedEditorAssemblies (3ms)
			BeforeProcessingInitializeOnLoad (136ms)
			ProcessInitializeOnLoadAttributes (303ms)
			ProcessInitializeOnLoadMethodAttributes (68ms)
			AfterProcessingInitializeOnLoad (6ms)
			EditorAssembliesLoaded (0ms)
		ExecutionOrderSort2 (0ms)
		AwakeInstancesAfterBackupRestoration (15ms)
Refreshing native plugins compatible for Editor in 1.51 ms, found 4 plugins.
Preloading 0 native plugins for Editor in 0.00 ms.
Unloading 16 Unused Serialized files (Serialized files now loaded: 0)
Unloading 6932 unused Assets / (4.6 MB). Loaded Objects now: 7777.
Memory consumption went from 157.4 MB to 152.8 MB.
Total: 11.250000 ms (FindLiveObjects: 0.928400 ms CreateObjectMapping: 1.217300 ms MarkObjects: 6.726800 ms  DeleteObjects: 2.376800 ms)

Prepare: number of updated asset objects reloaded= 0
========================================================================
Received Import Request.
  Time since last request: 101.528984 seconds.
  path: Assets/Buttons/PNG/17bttn-little.png
  artifactKey: Guid(39d631ddab056994c8bf1872bf5c633d) Importer(815301076,1909f56bfc062723c751e8b465ee728b)
Start importing Assets/Buttons/PNG/17bttn-little.png using Guid(39d631ddab056994c8bf1872bf5c633d) Importer(815301076,1909f56bfc062723c751e8b465ee728b) (PreviewImporter) -> (artifact id: '5efc4347b5076e929d84c1f401f62c03') in 0.0765353 seconds
Number of updated asset objects reloaded before import = 0Number of asset objects unloaded after import = 3

========================================================================
Received Import Request.
  Time since last request: 0.000020 seconds.
  path: Assets/Buttons/PNG/22Button_Midl_Green.png
  artifactKey: Guid(f58056075accb3346a47ee069967f987) Importer(815301076,1909f56bfc062723c751e8b465ee728b)
Start importing Assets/Buttons/PNG/22Button_Midl_Green.png using Guid(f58056075accb3346a47ee069967f987) Importer(815301076,1909f56bfc062723c751e8b465ee728b) (PreviewImporter) -> (artifact id: '6f72ae8275b81870dcfe5f4c2f09bb1e') in 0.0146536 seconds
Number of updated asset objects reloaded before import = 0Number of asset objects unloaded after import = 3

========================================================================
Received Import Request.
  Time since last request: 0.000031 seconds.
  path: Assets/Buttons/PNG/24Button_Midl_Blue.png
  artifactKey: Guid(441d650b5b9ead54a89c14cb3f3c0a94) Importer(815301076,1909f56bfc062723c751e8b465ee728b)
Start importing Assets/Buttons/PNG/24Button_Midl_Blue.png using Guid(441d650b5b9ead54a89c14cb3f3c0a94) Importer(815301076,1909f56bfc062723c751e8b465ee728b) (PreviewImporter) -> (artifact id: '191c65d17d6c3922dc2e07a89889246c') in 0.0157558 seconds
Number of updated asset objects reloaded before import = 0Number of asset objects unloaded after import = 3

========================================================================
Received Import Request.
  Time since last request: 0.000024 seconds.
  path: Assets/Buttons/PNG/27Button_Long_Red.png
  artifactKey: Guid(e3f0cffab5fd25246b23f58d51eb923b) Importer(815301076,1909f56bfc062723c751e8b465ee728b)
Start importing Assets/Buttons/PNG/27Button_Long_Red.png using Guid(e3f0cffab5fd25246b23f58d51eb923b) Importer(815301076,1909f56bfc062723c751e8b465ee728b) (PreviewImporter) -> (artifact id: '24a7e87dbc92904649f0497ef1d7b8c8') in 0.0193129 seconds
Number of updated asset objects reloaded before import = 0Number of asset objects unloaded after import = 3

========================================================================
Received Import Request.
  Time since last request: 0.000017 seconds.
  path: Assets/Buttons/PNG/20bttn-midl.png
  artifactKey: Guid(9d35275bcc70f86418af3d5a44766409) Importer(815301076,1909f56bfc062723c751e8b465ee728b)
Start importing Assets/Buttons/PNG/20bttn-midl.png using Guid(9d35275bcc70f86418af3d5a44766409) Importer(815301076,1909f56bfc062723c751e8b465ee728b) (PreviewImporter) -> (artifact id: 'db34764339ca876e54c38c1ee9c5ce16') in 0.017733 seconds
Number of updated asset objects reloaded before import = 0Number of asset objects unloaded after import = 3

========================================================================
Received Import Request.
  Time since last request: 0.000019 seconds.
  path: Assets/Buttons/PNG/19bttn-midl.png
  artifactKey: Guid(1f3cab41531c9a24baae3e28eb43e729) Importer(815301076,1909f56bfc062723c751e8b465ee728b)
Start importing Assets/Buttons/PNG/19bttn-midl.png using Guid(1f3cab41531c9a24baae3e28eb43e729) Importer(815301076,1909f56bfc062723c751e8b465ee728b) (PreviewImporter) -> (artifact id: 'f91110ecb806e610697b301d4ea35cee') in 0.0154714 seconds
Number of updated asset objects reloaded before import = 0Number of asset objects unloaded after import = 3

========================================================================
Received Import Request.
  Time since last request: 0.000021 seconds.
  path: Assets/Buttons/PNG/25Button_Long_Green.png
  artifactKey: Guid(0528d30d3f01ff54d8500e9520031cda) Importer(815301076,1909f56bfc062723c751e8b465ee728b)
Start importing Assets/Buttons/PNG/25Button_Long_Green.png using Guid(0528d30d3f01ff54d8500e9520031cda) Importer(815301076,1909f56bfc062723c751e8b465ee728b) (PreviewImporter) -> (artifact id: '3536a38540df6afb6d08d98eb9559879') in 0.0179523 seconds
Number of updated asset objects reloaded before import = 0Number of asset objects unloaded after import = 3

========================================================================
Received Import Request.
  Time since last request: 7.734442 seconds.
  path: Assets/Buttons/PNG/10Button_Midl_Yellow.png
  artifactKey: Guid(04176cbfce4e91c4f9ae2bac9917b02e) Importer(815301076,1909f56bfc062723c751e8b465ee728b)
Start importing Assets/Buttons/PNG/10Button_Midl_Yellow.png using Guid(04176cbfce4e91c4f9ae2bac9917b02e) Importer(815301076,1909f56bfc062723c751e8b465ee728b) (PreviewImporter) -> (artifact id: 'e1d024327f9ae8ceb19ec3751c06dd68') in 0.018047 seconds
Number of updated asset objects reloaded before import = 0Number of asset objects unloaded after import = 3

========================================================================
Received Import Request.
  Time since last request: 0.000031 seconds.
  path: Assets/Buttons/PNG/13Button_Long_Green.png
  artifactKey: Guid(c27ac96056e04a3458fd381e9d6afedd) Importer(815301076,1909f56bfc062723c751e8b465ee728b)
Start importing Assets/Buttons/PNG/13Button_Long_Green.png using Guid(c27ac96056e04a3458fd381e9d6afedd) Importer(815301076,1909f56bfc062723c751e8b465ee728b) (PreviewImporter) -> (artifact id: 'adc416006508662ef127c1a73ea0030b') in 0.0171593 seconds
Number of updated asset objects reloaded before import = 0Number of asset objects unloaded after import = 3

========================================================================
Received Import Request.
  Time since last request: 0.000027 seconds.
  path: Assets/Buttons/PNG/1button_green_middle.png
  artifactKey: Guid(9149b2e5a0825bf4fbd9511b149c43b2) Importer(815301076,1909f56bfc062723c751e8b465ee728b)
Start importing Assets/Buttons/PNG/1button_green_middle.png using Guid(9149b2e5a0825bf4fbd9511b149c43b2) Importer(815301076,1909f56bfc062723c751e8b465ee728b) (PreviewImporter) -> (artifact id: 'dd84010bd5b71854a37435203fdd16bb') in 0.0163305 seconds
Number of updated asset objects reloaded before import = 0Number of asset objects unloaded after import = 3

========================================================================
Received Import Request.
  Time since last request: 0.000036 seconds.
  path: Assets/Buttons/PNG/7button_green_middle.png
  artifactKey: Guid(fac9f5f7b67168340a36d23c65373b0a) Importer(815301076,1909f56bfc062723c751e8b465ee728b)
Start importing Assets/Buttons/PNG/7button_green_middle.png using Guid(fac9f5f7b67168340a36d23c65373b0a) Importer(815301076,1909f56bfc062723c751e8b465ee728b) (PreviewImporter) -> (artifact id: 'c72fb15ffd9f069c1a689b390729e87a') in 0.0182644 seconds
Number of updated asset objects reloaded before import = 0Number of asset objects unloaded after import = 3

========================================================================
Received Import Request.
  Time since last request: 0.000016 seconds.
  path: Assets/Buttons/PNG/16bttn-little.png
  artifactKey: Guid(90b6dbe1353905a4293e452734bc83f4) Importer(815301076,1909f56bfc062723c751e8b465ee728b)
Start importing Assets/Buttons/PNG/16bttn-little.png using Guid(90b6dbe1353905a4293e452734bc83f4) Importer(815301076,1909f56bfc062723c751e8b465ee728b) (PreviewImporter) -> (artifact id: '7948aba54033b637a13f2aa1b06a6d9d') in 0.0178941 seconds
Number of updated asset objects reloaded before import = 0Number of asset objects unloaded after import = 3

